##############################################################################
#                                                                            #
# IAR ARM ANSI C/C++ Compiler V4.42A/W32 EVALUATION    16/Feb/2023  22:41:13 #
# Copyright 1999-2005 IAR Systems. All rights reserved.                      #
#                                                                            #
#    Cpu mode        =  interwork                                            #
#    Endian          =  little                                               #
#    Stack alignment =  4                                                    #
#    Source file     =  D:\Users\alfinant\Documents\Siemens\Dev\IAR\VK.ELF_C #
#                       \Menu_Chat.c                                         #
#    Command line    =  D:\Users\alfinant\Documents\Siemens\Dev\IAR\VK.ELF_C #
#                       \Menu_Chat.c -D NEWSGOLD -D ELKA -D DEBUG -lCN       #
#                       D:\Users\alfinant\Documents\Siemens\Dev\IAR\VK.ELF_C #
#                       \Release_ELKA\List\ -la D:\Users\alfinant\Documents\ #
#                       Siemens\Dev\IAR\VK.ELF_C\Release_ELKA\List\ -o       #
#                       D:\Users\alfinant\Documents\Siemens\Dev\IAR\VK.ELF_C #
#                       \Release_ELKA\Obj\ -z9 --cpu_mode arm --endian       #
#                       little --cpu ARM926EJ-S --stack_align 4 --interwork  #
#                       --diag_suppress Pe301 -e --fpu None --dlib_config    #
#                       D:\Users\alfinant\Documents\Siemens\IAR\ARM\LIB\dl5t #
#                       painl8n.h -I D:\Users\alfinant\Documents\Siemens\IAR #
#                       \ARM\INC\ --inline_threshold=2                       #
#    List file       =  D:\Users\alfinant\Documents\Siemens\Dev\IAR\VK.ELF_C #
#                       \Release_ELKA\List\Menu_Chat.lst                     #
#    Object file     =  D:\Users\alfinant\Documents\Siemens\Dev\IAR\VK.ELF_C #
#                       \Release_ELKA\Obj\Menu_Chat.r79                      #
#                                                                            #
#                                                                            #
##############################################################################

D:\Users\alfinant\Documents\Siemens\Dev\IAR\VK.ELF_C\Menu_Chat.c
      1          #include <siemens\swilib.h>
      2          #include "rect_patcher.h"

   \                                 In segment CODE, align 4, keep-with-next
   \   __??Code32?? __code __interwork __atpcs void patch_header(HEADER_DESC const *)
   \                     patch_header:
   \   00000000   10402DE9           PUSH     {R4,LR}
   \   00000004   0040A0E1           MOV      R4,R0
   \   00000008   0000A0E3           MOV      R0,#+0
   \   0000000C   B000C4E1           STRH     R0,[R4, #+0]
   \   00000010   1800A0E3           MOV      R0,#+24
   \   00000014   B200C4E1           STRH     R0,[R4, #+2]
   \   00000018   888100EF           SWI      +33160
   \   0000001C   010040E2           SUB      R0,R0,#+1
   \   00000020   B400C4E1           STRH     R0,[R4, #+4]
   \   00000024   8A8100EF           SWI      +33162
   \   00000028   170080E2           ADD      R0,R0,#+23
   \   0000002C   B600C4E1           STRH     R0,[R4, #+6]
   \   00000030   1080BDE8           POP      {R4,PC}          ;; return
      3          #include "dyn_images.h"
      4          #include "dyn_theme.h"
      5          #include "http.h"
      6          #include "process.h"
      7          #include "vk_api.h"
      8          #include "main.h"
      9          #include "anim_widget.h"
     10          
     11          extern const TTime GMT;
     12          
     13          static int gui_id = 0;
     14          

   \                                 In segment DATA_C, align 4, align-sorted
     15          static const char percent_t[]="%t";
   \                     percent_t:
   \   00000000   257400             DC8 "%t"
   \   00000003   256400             DC8 "%d"
   \   00000006   C2FB00             DC8 "\302\373"
   \   00000009   000000             DC8 0, 0, 0
   \   0000000C   CEF7E8F1F2E8       DC8 "\316\367\350\361\362\350\362\374 \367\340\362"
   \              F2FC20F7E0F2
   \              00          
   \   00000019   000000             DC8 0, 0, 0
   \   0000001C   25643A253032       DC8 "%d:%02d"
   \              6400        
   \   00000024   25742025643A       DC8 "%t %d:%02d"
   \              2530326400  
   \   0000002F   00                 DC8 0
   \   00000030   E2F7E5F0E020       DC8 "\342\367\345\360\340 \342"
   \              E200        
   \   00000038   25642E253032       DC8 "%d.%02d %d:%02d"
   \              642025643A25
   \              30326400    
     16          static const char percent_d[]="%d";
     17          static const char MY_NAME_IN_CHAT[]="Вы";
     18          
     19          static int ec_n;
     20          static int close_by_user;
     21          static int gui_restarted;
     22          void CreateChat(VkDialog *dialog);
     23          
     24          #ifdef ELKA
     25          static int hdr_icon=0x599;
     26          #else
     27          static int hdr_icon=0x5C5;
     28          #endif
     29          
     30          static char utf8_str[256];
     31          
     32          static HEADER_DESC hdr={0,0,0,0,NULL,NULL,LGP_NULL};
     33          
     34          static SOFTKEY_DESC ed_menu_sk[]=
     35          {
     36            {0x0018,0x0000,(int)"Лев"},
     37            {0x0001,0x0000,(int)"Прав"},
     38            {0x003D,0x0000,(int)LGP_DOIT_PIC}
     39          };
     40           
     41          static SOFTKEYSTAB ed_menu_skt=
     42          {
     43            ed_menu_sk,0
     44          };
     45          

   \                                 In segment CODE, align 4, keep-with-next
     46          static void ed_inp_locret(void){}
   \                     ed_inp_locret:
   \   00000000   1EFF2FE1           BX       LR               ;; return
     47          
     48          extern int CreateDebugGUI();
     49          

   \                                 In segment CODE, align 4, keep-with-next
     50          static void ed_options_handler(USR_MENU_ITEM *item)
     51          {
   \                     ed_options_handler:
   \   00000000   00402DE9           PUSH     {LR}
     52            int i=item->cur_item;
     53            
     54            if (item->type==0)
   \   00000004   0010D0E5           LDRB     R1,[R0, #+0]
   \   00000008   000051E3           CMP      R1,#+0
     55            {
     56              switch(i)
   \   0000000C   B810D001           LDRHEQ   R1,[R0, #+8]
   \   00000010   00005103           CMPEQ    R1,#+0
   \   00000014   0080BD18           POPNE    {PC}
     57              {
     58              case 0:
     59                wsprintf(item->ws, percent_t, "Очистить чат");
   \   00000018   ........           LDR      R1,??DataTable5  ;; percent_t
   \   0000001C   0C0090E5           LDR      R0,[R0, #+12]
   \   00000020   0C2081E2           ADD      R2,R1,#+12
   \   00000024   240100EF           SWI      +292
     60                break;
     61              }
     62            }
     63            
     64            if (item->type==1)
     65            {
     66              switch(i)
     67              {
     68              case 0:
     69                if (INET_PROCESS == 0)
     70                {
     71                  //process=DELETE_DIALOG;
     72                  //SUBPROC((void *)HttpSendReq, messages_deleteDialog(csm->chat->user_id, 10000));
     73                  //GBS_SendMessage(MMI_CEPID, 0x6C20, 0x1D, 0);//при закрытии
     74                  break;
     75                }
     76              }
     77            }
     78            
     79          }
   \   00000028   0080BDE8           POP      {PC}             ;; return
     80          

   \                                 In segment CODE, align 4, keep-with-next
     81          static int ed_inp_onkey(GUI *gui, GUI_MSG *msg)
     82          {
   \                     ed_inp_onkey:
   \   00000000   10402DE9           PUSH     {R4,LR}
     83            EDITCONTROL ec;
     84            int result_length;
     85            
     86            if (msg->keys==0xFFF)//левый софт
   \   00000004   FF20A0E3           MOV      R2,#+255
   \   00000008   F02E82E3           ORR      R2,R2,#0xF00
   \   0000000C   0040A0E1           MOV      R4,R0
   \   00000010   F200D1E1           LDRSH    R0,[R1, #+2]
   \   00000014   020050E1           CMP      R0,R2
   \   00000018   0600001A           BNE      ??ed_inp_onkey_0
     87            {
     88              AnimWidget_Close();
   \   0000001C   ........           _BLF     AnimWidget_Close,??AnimWidget_Close??rA
     89              EDIT_OpenOptionMenuWithUserItems(gui, ed_options_handler, NULL, 1);
   \   00000020   80109FE5           LDR      R1,??ed_inp_onkey_1  ;; ed_options_handler
   \   00000024   0130A0E3           MOV      R3,#+1
   \   00000028   0020A0E3           MOV      R2,#+0
   \   0000002C   0400A0E1           MOV      R0,R4
   \   00000030   E50100EF           SWI      +485
     90              return(-1);
   \   00000034   190000EA           B        ??ed_inp_onkey_2
     91            }
     92            
     93            if (msg->keys==1)//закрытие
   \                     ??ed_inp_onkey_0:
   \   00000038   6C209FE5           LDR      R2,??ed_inp_onkey_1+0x4  ;; hdr
   \   0000003C   010050E3           CMP      R0,#+1
   \   00000040   0300001A           BNE      ??ed_inp_onkey_3
     94            {
     95              close_by_user=1;
     96              gui_id = 0;
   \   00000044   0000A0E3           MOV      R0,#+0
   \   00000048   140082E5           STR      R0,[R2, #+20]
     97              return (0);
     98            }
     99            
    100            if ((msg->gbsmsg->msg==KEY_DOWN)||(msg->gbsmsg->msg==LONG_PRESS))
    101            { 
    102              switch(msg->gbsmsg->submess)
    103              {    
    104              case VOL_UP_BUTTON:
    105                EDIT_SetFocus(gui, 1);
    106                return(-1);
    107                
    108              case VOL_DOWN_BUTTON:
    109                EDIT_SetFocus(gui, ec_n);
    110                return(-1);  
    111               
    112              case GREEN_BUTTON:
    113          /*      if (process==0)
    114                {
    115                  if (ExtractEditControl(gui, ec_n, &ec))
    116                  {
    117                    if (wstrlen(ec.pWS))
    118                    {
    119                      ws_2utf8(ec.pWS, utf8_str, &result_length, 255);
    120                      process=CHECK_NEW_MESSAGES;
    121                      char* params=execute_sendAndGet(csm->chat->user_id, utf8_str, last_message_id);
    122                      SUBPROC((void *)HttpSendPostReq, API_METHOD_EXECUTE_SEND_URL, params);          
    123                    }
    124                  }
    125                }  
    126                else
    127                  ShowMSG(1, (int)"Повторите позже...");
    128                */
    129              break;
    130            }
    131            }
    132            return(0);//Do standart keys
   \                     ??ed_inp_onkey_4:
   \   0000004C   0000A0E3           MOV      R0,#+0
   \   00000050   1080BDE8           POP      {R4,PC}          ;; return
   \                     ??ed_inp_onkey_3:
   \   00000054   040091E5           LDR      R0,[R1, #+4]
   \   00000058   9330A0E3           MOV      R3,#+147
   \   0000005C   041090E5           LDR      R1,[R0, #+4]
   \   00000060   403F83E3           ORR      R3,R3,#0x100
   \   00000064   030051E1           CMP      R1,R3
   \   00000068   02308312           ADDNE    R3,R3,#+2
   \   0000006C   03005111           CMPNE    R1,R3
   \   00000070   F5FFFF1A           BNE      ??ed_inp_onkey_4
   \   00000074   080090E5           LDR      R0,[R0, #+8]
   \   00000078   0D0050E2           SUBS     R0,R0,#+13
   \   0000007C   0200000A           BEQ      ??ed_inp_onkey_5
   \   00000080   010050E2           SUBS     R0,R0,#+1
   \   00000084   0200000A           BEQ      ??ed_inp_onkey_6
   \   00000088   EFFFFFEA           B        ??ed_inp_onkey_4
   \                     ??ed_inp_onkey_5:
   \   0000008C   0110A0E3           MOV      R1,#+1
   \   00000090   000000EA           B        ??ed_inp_onkey_7
   \                     ??ed_inp_onkey_6:
   \   00000094   181092E5           LDR      R1,[R2, #+24]
   \                     ??ed_inp_onkey_7:
   \   00000098   0400A0E1           MOV      R0,R4
   \   0000009C   9B0100EF           SWI      +411
   \                     ??ed_inp_onkey_2:
   \   000000A0   0000E0E3           MVN      R0,#+0
   \   000000A4   1080BDE8           POP      {R4,PC}
   \                     ??ed_inp_onkey_1:
   \   000000A8   ........           DC32     ed_options_handler
   \   000000AC   ........           DC32     hdr
    133            //1: close  
    134          }
    135          

   \                                 In segment CODE, align 4, keep-with-next
    136          static void ed_inp_ghook(GUI *gui, int cmd)
    137          {
   \                     ed_inp_ghook:
   \   00000000   F0402DE9           PUSH     {R4-R7,LR}
    138            static SOFTKEY_DESC sk={0x0FFF,0x0000,(int)"Опции"};
    139            
    140            if (cmd==TI_CMD_CREATE)
   \   00000004   ........           LDR      R5,??DataTable4  ;; hdr
   \   00000008   0040A0E1           MOV      R4,R0
   \   0000000C   020051E3           CMP      R1,#+2
   \   00000010   2500001A           BNE      ??ed_inp_ghook_0
    141            {
    142              EDIT_SetFocus(gui, ec_n);
   \   00000014   181095E5           LDR      R1,[R5, #+24]
   \   00000018   9B0100EF           SWI      +411
    143              
    144              hdr.icon=&hdr_icon;
   \   0000001C   1C0085E2           ADD      R0,R5,#+28
   \   00000020   080085E5           STR      R0,[R5, #+8]
    145              void* hdr_pointer=GetHeaderPointer(gui);
   \   00000024   0400A0E1           MOV      R0,R4
   \   00000028   AE0200EF           SWI      +686
   \   0000002C   0040A0E1           MOV      R4,R0
    146              WSHDR* ws=AllocWS(32);
   \   00000030   2000A0E3           MOV      R0,#+32
   \   00000034   250100EF           SWI      +293
   \   00000038   0050A0E1           MOV      R5,R0
   \   0000003C   ........           LDR      R0,??DataTable3  ;; csm
   \   00000040   000090E5           LDR      R0,[R0, #+0]
   \   00000044   2C6090E5           LDR      R6,[R0, #+44]
    147              VkDialog *dialog = csm->chat;
    148              VkUser *user = csm->chat->user;
   \   00000048   1C7096E5           LDR      R7,[R6, #+28]
    149              
    150              //wsAppendChar(ws, UTF16_ENA_CENTER);
    151              if (user && wstrlen(user->first_name))
   \   0000004C   000057E3           CMP      R7,#+0
   \   00000050   0700000A           BEQ      ??ed_inp_ghook_1
   \   00000054   0C0097E5           LDR      R0,[R7, #+12]
   \   00000058   230100EF           SWI      +291
   \   0000005C   000050E3           CMP      R0,#+0
   \   00000060   0300000A           BEQ      ??ed_inp_ghook_1
    152                wstrcat(ws, user->first_name);
   \   00000064   0C1097E5           LDR      R1,[R7, #+12]
   \   00000068   0500A0E1           MOV      R0,R5
   \   0000006C   210100EF           SWI      +289
   \   00000070   030000EA           B        ??ed_inp_ghook_2
    153              else
    154                wstrcatprintf(ws, percent_d, dialog->from_id);
   \                     ??ed_inp_ghook_1:
   \   00000074   082096E5           LDR      R2,[R6, #+8]
   \   00000078   AC109FE5           LDR      R1,??ed_inp_ghook_3  ;; percent_t + 3
   \   0000007C   0500A0E1           MOV      R0,R5
   \   00000080   160200EF           SWI      +534
    155              
    156              SetHeaderText(hdr_pointer, ws, malloc_adr(), mfree_adr());
   \                     ??ed_inp_ghook_2:
   \   00000084   158000EF           SWI      +32789
   \   00000088   0060A0E1           MOV      R6,R0
   \   0000008C   148000EF           SWI      +32788
   \   00000090   0630A0E1           MOV      R3,R6
   \   00000094   0020A0E1           MOV      R2,R0
   \   00000098   0510A0E1           MOV      R1,R5
   \   0000009C   0400A0E1           MOV      R0,R4
   \   000000A0   AF0200EF           SWI      +687
    157              
    158              LoadDynTheme();
   \   000000A4   ........           _BLF     LoadDynTheme,??LoadDynTheme??rA
    159              //LoadDynImages();
    160              
    161              if (gui_restarted==0)
   \   000000A8   F080BDE8           POP      {R4-R7,PC}
    162              {
    163                if (INET_PROCESS == 0)
    164                {
    165                  //process=LOAD_HISTORY;
    166                 // SUBPROC((void *)HttpSendReq, execute_getHistory(csm->chat_c->user_id, 10));
    167                  
    168                 // AnimWidget_Wait_body();
    169                }
    170              }
    171            }
    172               
    173            if (cmd==TI_CMD_UNFOCUS)
   \                     ??ed_inp_ghook_0:
   \   000000AC   090051E3           CMP      R1,#+9
   \   000000B0   0300001A           BNE      ??ed_inp_ghook_4
    174            {
    175              AnimWidget_Close();
   \   000000B4   ........           _BLF     AnimWidget_Close,??AnimWidget_Close??rA
    176              
    177              DisableDynImages();
   \   000000B8   ........           _BLF     DisableDynImages,??DisableDynImages??rA
    178              DisableDynTheme();
   \   000000BC   ........           _BLF     DisableDynTheme,??DisableDynTheme??rA
   \   000000C0   F080BDE8           POP      {R4-R7,PC}
    179            }
    180             
    181            if (cmd==TI_CMD_FOCUS) 
   \                     ??ed_inp_ghook_4:
   \   000000C4   0A0051E3           CMP      R1,#+10
   \   000000C8   0800001A           BNE      ??ed_inp_ghook_5
    182            {
    183              //EDIT_SetFocus(data, ec_n);
    184              //EDIT_SetCursorPos(data, ec_n);
    185              
    186              if (INET_PROCESS == LOAD_HISTORY)
   \   000000CC   5C009FE5           LDR      R0,??ed_inp_ghook_3+0x4  ;; INET_PROCESS
   \   000000D0   000090E5           LDR      R0,[R0, #+0]
   \   000000D4   110050E3           CMP      R0,#+17
   \   000000D8   0000001A           BNE      ??ed_inp_ghook_6
    187                AnimWidget_Wait_center();   
   \   000000DC   ........           _BLF     AnimWidget_Wait_center,??AnimWidget_Wait_center??rA
    188                  
    189              EnableDynImages();
   \                     ??ed_inp_ghook_6:
   \   000000E0   ........           _BLF     EnableDynImages,??EnableDynImages??rA
    190              EnableDynTheme();  
   \   000000E4   ........           _BLF     EnableDynTheme,??EnableDynTheme??rA
    191              DisableIDLETMR();
   \   000000E8   7F0100EF           SWI      +383
   \   000000EC   F080BDE8           POP      {R4-R7,PC}
    192            }  
    193            
    194            if (cmd==TI_CMD_SUBFOCUS_CHANGE)
    195            {
    196            }
    197            
    198            if (cmd==TI_CMD_REDRAW)
   \                     ??ed_inp_ghook_5:
   \   000000F0   070051E3           CMP      R1,#+7
   \   000000F4   0500001A           BNE      ??ed_inp_ghook_7
    199            {
    200              EnableDynImages(); 
   \   000000F8   ........           _BLF     EnableDynImages,??EnableDynImages??rA
    201              SetSoftKey(gui, &sk, 0);//0-left soft
   \   000000FC   0020A0E3           MOV      R2,#+0
   \   00000100   201085E2           ADD      R1,R5,#+32
   \   00000104   0400A0E1           MOV      R0,R4
   \   00000108   680100EF           SWI      +360
   \   0000010C   F080BDE8           POP      {R4-R7,PC}
    202            }
    203            
    204            if (cmd==TI_CMD_DESTROY)
   \                     ??ed_inp_ghook_7:
   \   00000110   030051E3           CMP      R1,#+3
   \   00000114   F080BD18           POPNE    {R4-R7,PC}
    205            {
    206              DisableDynTheme();
   \   00000118   ........           _BLF     DisableDynTheme,??DisableDynTheme??rA
    207              DisableDynImages();
   \   0000011C   ........           _BLF     DisableDynImages,??DisableDynImages??rA
    208              //если чат был закрыт вручную
    209              if (close_by_user)
    210              {
    211                //if (csm->chat_c->msglist==NULL)//значит история сообщений очищена.Удаляем контакт из списка
    212                //  DeleteContact(&csm->dialogs_list, csm->chat_c->user_id);
    213              }
    214              gui_id = 0;
   \   00000120   0000A0E3           MOV      R0,#+0
   \   00000124   140085E5           STR      R0,[R5, #+20]
    215            }
    216            
    217          }
   \   00000128   F080BDE8           POP      {R4-R7,PC}       ;; return
   \                     ??ed_inp_ghook_3:
   \   0000012C   ........           DC32     percent_t + 3
   \   00000130   ........           DC32     INET_PROCESS

   \                                 In segment DATA_I, align 4, align-sorted
   \                     hdr:
   \   00000000                      DS8 20
   \   00000014                      REQUIRE `?<Initializer for hdr>`
   \   00000014                      DS8 4
   \   00000018                      REQUIRE `?<Initializer for gui_id>`
   \   00000018                      DS8 4
   \   0000001C                      REQUIRE `?<Initializer for ec_n>`
   \   0000001C                      DS8 4
   \   00000020                      REQUIRE `?<Initializer for hdr_icon>`
   \   00000020                      DS8 8
   \   00000028                      REQUIRE `?<Initializer for sk>`
   \   00000028                      DS8 56
   \   00000060                      REQUIRE `?<Initializer for ed_inp_desc>`

   \                                 In segment DATA_I, align 4, align-sorted
   \                     ed_menu_sk:
   \   00000000                      DS8 24
   \   00000018                      REQUIRE `?<Initializer for ed_menu_sk>`

   \                                 In segment DATA_I, align 4, align-sorted
   \                     ed_menu_skt:
   \   00000000                      DS8 8
   \   00000008                      REQUIRE `?<Initializer for ed_menu_skt>`
    218          
    219          static INPUTDIA_DESC ed_inp_desc=
    220          {
    221            1,
    222            ed_inp_onkey,
    223            ed_inp_ghook,
    224            (void *)ed_inp_locret,
    225            0,
    226            &ed_menu_skt,
    227          #ifdef ELKA  
    228            {1,56,238,287},
    229          #else
    230            {1,23,130,154},
    231          #endif
    232            FONT_SMALL,
    233            100,
    234            101,
    235            0,
    236            0,
    237            0x40000000
    238          };
    239          

   \                                 In segment CODE, align 4, keep-with-next
    240          void CreateChat(VkDialog *dialog)
    241          {
   \                     CreateChat:
   \   00000000   F04F2DE9           PUSH     {R4-R11,LR}
   \   00000004   48DE4DE2           SUB      SP,SP,#+1152
   \   00000008   00B0B0E1           MOVS     R11,R0
    242            void* ma;
    243            void *eq;
    244            EDITCONTROL ec;
    245            EDITC_OPTIONS ec_options; 
    246            VkMsg *msg;
    247            
    248            TDate t_date;
    249            TTime time;
    250            TDate s_date;
    251            int timestap; 
    252            TDate phone_date;
    253            TTime phone_time; 
    254            
    255            WSHDR ws;
    256            unsigned short wsbody[512];
    257           
    258            if (dialog == NULL)
   \   0000000C   FE00000A           BEQ      ??CreateChat_0
    259              return;
    260          
    261            VkUser *user = dialog->user;
    262            
    263            int color = 1;//черный
    264            int font = 1;
    265          
    266            csm->chat = dialog;
   \   00000010   ........           LDR      R0,??DataTable3  ;; csm
   \   00000014   1C109BE5           LDR      R1,[R11, #+28]
   \   00000018   000090E5           LDR      R0,[R0, #+0]
    267            
    268            close_by_user = 0;
    269            gui_restarted = 0;
    270            
    271            if (gui_id)//закрываем до этого созданный гуй
   \   0000001C   ........           LDR      R4,??DataTable4  ;; hdr
   \   00000020   14108DE5           STR      R1,[SP, #+20]
   \   00000024   2CB080E5           STR      R11,[R0, #+44]
   \   00000028   140094E5           LDR      R0,[R4, #+20]
   \   0000002C   0050A0E3           MOV      R5,#+0
   \   00000030   000050E3           CMP      R0,#+0
   \   00000034   0200000A           BEQ      ??CreateChat_1
    272            {
    273              GeneralFunc_flag1(gui_id, 1);
   \   00000038   0110A0E3           MOV      R1,#+1
   \   0000003C   3D0100EF           SWI      +317
    274              gui_id = 0;
   \   00000040   145084E5           STR      R5,[R4, #+20]
    275              gui_restarted = 1;
    276            }
    277            
    278            CreateLocalWS(&ws, wsbody, 511);
   \                     ??CreateChat_1:
   \   00000044   FF20A0E3           MOV      R2,#+255
   \   00000048   402F82E3           ORR      R2,R2,#0x100
   \   0000004C   80108DE2           ADD      R1,SP,#+128
   \   00000050   0D00A0E1           MOV      R0,SP
   \   00000054   270100EF           SWI      +295
    279            
    280            ec_n=0;//обнулить счетчик эдитконтролов
   \   00000058   185084E5           STR      R5,[R4, #+24]
    281            PrepareEditControl(&ec);
   \   0000005C   54008DE2           ADD      R0,SP,#+84
   \   00000060   640100EF           SWI      +356
    282            ma=malloc_adr();
   \   00000064   148000EF           SWI      +32788
   \   00000068   0060A0E1           MOV      R6,R0
    283            eq=AllocEQueue(ma,mfree_adr());
   \   0000006C   158000EF           SWI      +32789
   \   00000070   0010A0E1           MOV      R1,R0
   \   00000074   0600A0E1           MOV      R0,R6
   \   00000078   630100EF           SWI      +355
   \   0000007C   0070A0E1           MOV      R7,R0
    284          
    285            msg = get_DialogMsg(dialog);
   \   00000080   0B00A0E1           MOV      R0,R11
   \   00000084   ........           _BLF     get_DialogMsg,??get_DialogMsg??rA
   \   00000088   0080A0E1           MOV      R8,R0
    286          
    287            
    288          //  while (msg)
    289          //  {
    290              wsbody[0]=0;
   \   0000008C   B058CDE1           STRH     R5,[SP, #+128]
    291              
    292              wsAppendChar(&ws, UTF16_FONT_SMALL_BOLD);
   \   00000090   1310A0E3           MOV      R1,#+19
   \   00000094   E01C81E3           ORR      R1,R1,#0xE000
   \   00000098   0D00A0E1           MOV      R0,SP
   \   0000009C   1C0000EF           SWI      +28
    293              
    294              if (msg->out)
   \   000000A0   1C0098E5           LDR      R0,[R8, #+28]
   \   000000A4   0690A0E3           MOV      R9,#+6
   \   000000A8   E09C89E3           ORR      R9,R9,#0xE000
   \   000000AC   000050E3           CMP      R0,#+0
   \   000000B0   0910A0E1           MOV      R1,R9
   \   000000B4   0D00A0E1           MOV      R0,SP
   \   000000B8   0500000A           BEQ      ??CreateChat_2
    295              {
    296                wsAppendChar(&ws, UTF16_INK_RGBA);
   \   000000BC   1C0000EF           SWI      +28
    297                wsAppendChar(&ws, 0xFF00);//RG
   \   000000C0   FF1CA0E3           MOV      R1,#+65280
   \   000000C4   0D00A0E1           MOV      R0,SP
   \   000000C8   1C0000EF           SWI      +28
    298                wsAppendChar(&ws, 0x0064);//BA - red
   \   000000CC   6410A0E3           MOV      R1,#+100
   \   000000D0   060000EA           B        ??CreateChat_3
    299              }
    300              else
    301              {
    302                wsAppendChar(&ws, UTF16_INK_RGBA);
   \                     ??CreateChat_2:
   \   000000D4   1C0000EF           SWI      +28
    303                wsAppendChar(&ws, 0x5D80);//RG
   \   000000D8   8010A0E3           MOV      R1,#+128
   \   000000DC   5D1C81E3           ORR      R1,R1,#0x5D00
   \   000000E0   0D00A0E1           MOV      R0,SP
   \   000000E4   1C0000EF           SWI      +28
    304                wsAppendChar(&ws, 0xA664);//BA - вк синий
   \   000000E8   6410A0E3           MOV      R1,#+100
   \   000000EC   A61C81E3           ORR      R1,R1,#0xA600
    305              }
    306              
    307              if (msg->out)
   \                     ??CreateChat_3:
   \   000000F0   ........           LDR      R10,??DataTable5  ;; percent_t
   \   000000F4   0D00A0E1           MOV      R0,SP
   \   000000F8   1C0000EF           SWI      +28
   \   000000FC   1C0098E5           LDR      R0,[R8, #+28]
   \   00000100   000050E3           CMP      R0,#+0
    308                wstrcatprintf(&ws, percent_t, MY_NAME_IN_CHAT);
   \   00000104   06208A12           ADDNE    R2,R10,#+6
   \   00000108   0A10A011           MOVNE    R1,R10
   \   0000010C   0D00001A           BNE      ??CreateChat_4
    309              else
    310              {
    311                if (user && wstrlen(user->first_name))
   \   00000110   14009DE5           LDR      R0,[SP, #+20]
   \   00000114   000050E3           CMP      R0,#+0
   \   00000118   0800000A           BEQ      ??CreateChat_5
   \   0000011C   0C0090E5           LDR      R0,[R0, #+12]
   \   00000120   230100EF           SWI      +291
   \   00000124   000050E3           CMP      R0,#+0
   \   00000128   0400000A           BEQ      ??CreateChat_5
    312                  wstrcat(&ws, user->first_name);
   \   0000012C   14009DE5           LDR      R0,[SP, #+20]
   \   00000130   0C1090E5           LDR      R1,[R0, #+12]
   \   00000134   0D00A0E1           MOV      R0,SP
   \   00000138   210100EF           SWI      +289
   \   0000013C   030000EA           B        ??CreateChat_6
    313                else
    314                  wstrcatprintf(&ws, percent_d, dialog->from_id);
   \                     ??CreateChat_5:
   \   00000140   08209BE5           LDR      R2,[R11, #+8]
   \   00000144   03108AE2           ADD      R1,R10,#+3
   \                     ??CreateChat_4:
   \   00000148   0D00A0E1           MOV      R0,SP
   \   0000014C   160200EF           SWI      +534
    315              }
    316              
    317              wsAppendChar(&ws, ':');
   \                     ??CreateChat_6:
   \   00000150   3A10A0E3           MOV      R1,#+58
   \   00000154   0D00A0E1           MOV      R0,SP
   \   00000158   1C0000EF           SWI      +28
    318              wsAppendChar(&ws, ' ');
   \   0000015C   2010A0E3           MOV      R1,#+32
   \   00000160   0D00A0E1           MOV      R0,SP
   \   00000164   1C0000EF           SWI      +28
    319              
    320              wsAppendChar(&ws, UTF16_FONT_SMALL);
   \   00000168   0C1089E2           ADD      R1,R9,#+12
   \   0000016C   0D00A0E1           MOV      R0,SP
   \   00000170   1C0000EF           SWI      +28
    321              wsAppendChar(&ws, UTF16_ALIGN_RIGHT);
   \   00000174   171089E2           ADD      R1,R9,#+23
   \   00000178   0D00A0E1           MOV      R0,SP
   \   0000017C   1C0000EF           SWI      +28
    322              wsAppendChar(&ws, UTF16_INK_RGBA); 
   \   00000180   0910A0E1           MOV      R1,R9
   \   00000184   0D00A0E1           MOV      R0,SP
   \   00000188   1C0000EF           SWI      +28
    323              wsAppendChar(&ws, 0x8080);//RG
   \   0000018C   8010A0E3           MOV      R1,#+128
   \   00000190   801C81E3           ORR      R1,R1,#0x8000
   \   00000194   0D00A0E1           MOV      R0,SP
   \   00000198   1C0000EF           SWI      +28
    324              wsAppendChar(&ws, 0x8064);//BA - серый
   \   0000019C   6410A0E3           MOV      R1,#+100
   \   000001A0   801C81E3           ORR      R1,R1,#0x8000
   \   000001A4   0D00A0E1           MOV      R0,SP
   \   000001A8   1C0000EF           SWI      +28
    325              
    326              //TDateTimeSettings* time_set=RamDateTimeSettings();
    327              //int time_zone=GetTimeZoneShift(NULL, NULL, time_set->timeZone) * 60;
    328              
    329              GetDateTime(&phone_date, &phone_time);
   \   000001AC   4C108DE2           ADD      R1,SP,#+76
   \   000001B0   20008DE2           ADD      R0,SP,#+32
   \   000001B4   B40000EF           SWI      +180
    330              
    331              timestap=msg->date + (GMT.hour*3600)+(GMT.min*60);
   \   000001B8   54129FE5           LDR      R1,??CreateChat_7  ;; GMT
   \   000001BC   0C2098E5           LDR      R2,[R8, #+12]
   \   000001C0   0030D1E5           LDRB     R3,[R1, #+0]
   \   000001C4   0110D1E5           LDRB     R1,[R1, #+1]
   \   000001C8   E1BEA0E3           MOV      R11,#+3600
   \   000001CC   9B2322E0           MLA      R2,R11,R3,R2
   \   000001D0   3C30A0E3           MOV      R3,#+60
   \   000001D4   932121E0           MLA      R1,R3,R1,R2
    332              s_date.year=1970;
    333              s_date.month=1;
   \   000001D8   0100A0E3           MOV      R0,#+1
   \   000001DC   30108DE5           STR      R1,[SP, #+48]
   \   000001E0   B210A0E3           MOV      R1,#+178
   \   000001E4   701E81E3           ORR      R1,R1,#0x700
   \   000001E8   34108DE5           STR      R1,[SP, #+52]
   \   000001EC   3800CDE5           STRB     R0,[SP, #+56]
    334              s_date.day=1;
   \   000001F0   3900CDE5           STRB     R0,[SP, #+57]
    335              GetDateTimeFromSeconds(&timestap, &t_date, &time, &s_date);
   \   000001F4   34308DE2           ADD      R3,SP,#+52
   \   000001F8   28208DE2           ADD      R2,SP,#+40
   \   000001FC   18108DE2           ADD      R1,SP,#+24
   \   00000200   30008DE2           ADD      R0,SP,#+48
   \   00000204   C90200EF           SWI      +713
    336              
    337              if (phone_date.day==t_date.day && phone_date.month==t_date.month && phone_date.year==t_date.year)
   \   00000208   1D20DDE5           LDRB     R2,[SP, #+29]
   \   0000020C   2510DDE5           LDRB     R1,[SP, #+37]
   \   00000210   020051E1           CMP      R1,R2
   \   00000214   2400DD05           LDRBEQ   R0,[SP, #+36]
   \   00000218   1C30DD05           LDRBEQ   R3,[SP, #+28]
   \   0000021C   03005001           CMPEQ    R0,R3
   \   00000220   20009D05           LDREQ    R0,[SP, #+32]
   \   00000224   18309D05           LDREQ    R3,[SP, #+24]
   \   00000228   03005001           CMPEQ    R0,R3
   \   0000022C   0500001A           BNE      ??CreateChat_8
    338                wstrcatprintf(&ws, "%d:%02d", time.hour, time.min);
   \   00000230   2930DDE5           LDRB     R3,[SP, #+41]
   \   00000234   2820DDE5           LDRB     R2,[SP, #+40]
   \   00000238   1C108AE2           ADD      R1,R10,#+28
   \   0000023C   0D00A0E1           MOV      R0,SP
   \   00000240   160200EF           SWI      +534
   \   00000244   180000EA           B        ??CreateChat_9
    339              else
    340                if ((phone_date.day-1)==t_date.day && phone_date.month==t_date.month && phone_date.year==t_date.year)
   \                     ??CreateChat_8:
   \   00000248   1C00DDE5           LDRB     R0,[SP, #+28]
   \   0000024C   29B0DDE5           LDRB     R11,[SP, #+41]
   \   00000250   2830DDE5           LDRB     R3,[SP, #+40]
   \   00000254   011041E2           SUB      R1,R1,#+1
   \   00000258   020051E1           CMP      R1,R2
   \   0000025C   2410DD05           LDRBEQ   R1,[SP, #+36]
   \   00000260   00005101           CMPEQ    R1,R0
   \   00000264   20109D05           LDREQ    R1,[SP, #+32]
   \   00000268   18C09D05           LDREQ    R12,[SP, #+24]
   \   0000026C   0C005101           CMPEQ    R1,R12
   \   00000270   0600001A           BNE      ??CreateChat_10
    341                  wstrcatprintf(&ws, "%t %d:%02d", "вчера в", time.hour, time.min);
   \   00000274   00082DE9           PUSH     {R11}
   \   00000278   30208AE2           ADD      R2,R10,#+48
   \   0000027C   24108AE2           ADD      R1,R10,#+36
   \   00000280   04008DE2           ADD      R0,SP,#+4
   \   00000284   160200EF           SWI      +534
   \   00000288   04D08DE2           ADD      SP,SP,#+4
   \   0000028C   060000EA           B        ??CreateChat_9
    342              else
    343                wstrcatprintf(&ws, "%d.%02d %d:%02d", t_date.day, t_date.month, time.hour, time.min);    
   \                     ??CreateChat_10:
   \   00000290   00082DE9           PUSH     {R11}
   \   00000294   08002DE9           PUSH     {R3}
   \   00000298   38108AE2           ADD      R1,R10,#+56
   \   0000029C   0030A0E1           MOV      R3,R0
   \   000002A0   08008DE2           ADD      R0,SP,#+8
   \   000002A4   160200EF           SWI      +534
   \   000002A8   08D08DE2           ADD      SP,SP,#+8
    344              
    345              ConstructEditControl(&ec, ECT_HEADER, ECF_APPEND_EOL, &ws, wstrlen(&ws));
   \                     ??CreateChat_9:
   \   000002AC   0D00A0E1           MOV      R0,SP
   \   000002B0   230100EF           SWI      +291
   \   000002B4   01002DE9           PUSH     {R0}
   \   000002B8   04308DE2           ADD      R3,SP,#+4
   \   000002BC   4020A0E3           MOV      R2,#+64
   \   000002C0   0110A0E3           MOV      R1,#+1
   \   000002C4   58008DE2           ADD      R0,SP,#+88
   \   000002C8   650100EF           SWI      +357
    346              ec_n=AddEditControlToEditQend(eq, &ec, ma);    
   \   000002CC   0620A0E1           MOV      R2,R6
   \   000002D0   58108DE2           ADD      R1,SP,#+88
   \   000002D4   0700A0E1           MOV      R0,R7
   \   000002D8   660100EF           SWI      +358
   \   000002DC   180084E5           STR      R0,[R4, #+24]
    347              
    348              wsbody[0]=0;
   \   000002E0   B458CDE1           STRH     R5,[SP, #+132]
    349              
    350              wsAppendChar(&ws, UTF16_ALIGN_LEFT);
   \   000002E4   161089E2           ADD      R1,R9,#+22
   \   000002E8   04008DE2           ADD      R0,SP,#+4
   \   000002EC   1C0000EF           SWI      +28
    351              wsAppendChar(&ws, UTF16_INK_RGBA);
   \   000002F0   0910A0E1           MOV      R1,R9
   \   000002F4   04008DE2           ADD      R0,SP,#+4
   \   000002F8   1C0000EF           SWI      +28
    352              wsAppendChar(&ws, 0x0000);//RG
   \   000002FC   0010A0E3           MOV      R1,#+0
   \   00000300   04008DE2           ADD      R0,SP,#+4
   \   00000304   1C0000EF           SWI      +28
    353              wsAppendChar(&ws, 0x0064);//BA - черный}  
   \   00000308   6410A0E3           MOV      R1,#+100
   \   0000030C   04008DE2           ADD      R0,SP,#+4
   \   00000310   1C0000EF           SWI      +28
    354              
    355              if (msg->text)
   \   00000314   181098E5           LDR      R1,[R8, #+24]
   \   00000318   04D08DE2           ADD      SP,SP,#+4
   \   0000031C   000051E3           CMP      R1,#+0
   \   00000320   0100000A           BEQ      ??CreateChat_11
    356                wstrcat(&ws, msg->text);
   \   00000324   0D00A0E1           MOV      R0,SP
   \   00000328   210100EF           SWI      +289
    357              
    358              ConstructEditControl(&ec, ECT_NORMAL_TEXT, ECF_APPEND_EOL, &ws, wstrlen(&ws));
   \                     ??CreateChat_11:
   \   0000032C   0D00A0E1           MOV      R0,SP
   \   00000330   230100EF           SWI      +291
   \   00000334   01002DE9           PUSH     {R0}
   \   00000338   04308DE2           ADD      R3,SP,#+4
   \   0000033C   4020A0E3           MOV      R2,#+64
   \   00000340   0310A0E3           MOV      R1,#+3
   \   00000344   58008DE2           ADD      R0,SP,#+88
   \   00000348   650100EF           SWI      +357
    359              PrepareEditCOptions(&ec_options);
   \   0000034C   40008DE2           ADD      R0,SP,#+64
   \   00000350   C80100EF           SWI      +456
    360              SetFontToEditCOptions(&ec_options, font);
   \   00000354   0110A0E3           MOV      R1,#+1
   \   00000358   40008DE2           ADD      R0,SP,#+64
   \   0000035C   CA0100EF           SWI      +458
    361              CopyOptionsToEditControl(&ec,&ec_options);
   \   00000360   40108DE2           ADD      R1,SP,#+64
   \   00000364   58008DE2           ADD      R0,SP,#+88
   \   00000368   CE0100EF           SWI      +462
    362              ec_n=AddEditControlToEditQend(eq, &ec, ma);
   \   0000036C   0620A0E1           MOV      R2,R6
   \   00000370   58108DE2           ADD      R1,SP,#+88
   \   00000374   0700A0E1           MOV      R0,R7
   \   00000378   660100EF           SWI      +358
   \   0000037C   180084E5           STR      R0,[R4, #+24]
    363              
    364          //  }
    365            
    366            wsbody[0]=0;
   \   00000380   B458CDE1           STRH     R5,[SP, #+132]
    367            ConstructEditControl(&ec,ECT_NORMAL_TEXT, ECF_NORMAL_STR | ECF_APPEND_EOL, &ws, 256);
   \   00000384   400FA0E3           MOV      R0,#+256
   \   00000388   01002DE9           PUSH     {R0}
   \   0000038C   08308DE2           ADD      R3,SP,#+8
   \   00000390   4020A0E3           MOV      R2,#+64
   \   00000394   0310A0E3           MOV      R1,#+3
   \   00000398   5C008DE2           ADD      R0,SP,#+92
   \   0000039C   650100EF           SWI      +357
    368            PrepareEditCOptions(&ec_options);
   \   000003A0   44008DE2           ADD      R0,SP,#+68
   \   000003A4   C80100EF           SWI      +456
    369            SetPenColorToEditCOptions(&ec_options,color);
   \   000003A8   0110A0E3           MOV      R1,#+1
   \   000003AC   44008DE2           ADD      R0,SP,#+68
   \   000003B0   CC0100EF           SWI      +460
    370            SetFontToEditCOptions(&ec_options, font);
   \   000003B4   0110A0E3           MOV      R1,#+1
   \   000003B8   44008DE2           ADD      R0,SP,#+68
   \   000003BC   CA0100EF           SWI      +458
    371            CopyOptionsToEditControl(&ec,&ec_options);   
   \   000003C0   44108DE2           ADD      R1,SP,#+68
   \   000003C4   5C008DE2           ADD      R0,SP,#+92
   \   000003C8   CE0100EF           SWI      +462
    372            ec_n=AddEditControlToEditQend(eq, &ec, ma);
   \   000003CC   0620A0E1           MOV      R2,R6
   \   000003D0   5C108DE2           ADD      R1,SP,#+92
   \   000003D4   0700A0E1           MOV      R0,R7
   \   000003D8   660100EF           SWI      +358
   \   000003DC   180084E5           STR      R0,[R4, #+24]
    373            
    374            patch_header(&hdr);
   \   000003E0   0400A0E1           MOV      R0,R4
   \   000003E4   ........           _BLF     patch_header,??patch_header??rA
    375            gui_id = CreateInputTextDialog(&ed_inp_desc, &hdr, eq, 1, NULL);
   \   000003E8   0000A0E3           MOV      R0,#+0
   \   000003EC   01002DE9           PUSH     {R0}
   \   000003F0   0130A0E3           MOV      R3,#+1
   \   000003F4   0720A0E1           MOV      R2,R7
   \   000003F8   0410A0E1           MOV      R1,R4
   \   000003FC   280084E2           ADD      R0,R4,#+40
   \   00000400   670100EF           SWI      +359
   \   00000404   140084E5           STR      R0,[R4, #+20]
    376          }
   \   00000408   0CD08DE2           ADD      SP,SP,#+12
   \                     ??CreateChat_0:
   \   0000040C   48DE8DE2           ADD      SP,SP,#+1152     ;; stack cleaning
   \   00000410   F08FBDE8           POP      {R4-R11,PC}      ;; return
   \                     ??CreateChat_7:
   \   00000414   ........           DC32     GMT

   \                                 In segment CODE, align 4, keep-with-next
   \                     ??DataTable3:
   \   00000000   ........           DC32     csm

   \                                 In segment CODE, align 4, keep-with-next
   \                     ??DataTable4:
   \   00000000   ........           DC32     hdr

   \                                 In segment CODE, align 4, keep-with-next
   \                     ??DataTable5:
   \   00000000   ........           DC32     percent_t

   \                                 In segment DATA_ID, align 4, align-sorted
   \                     `?<Initializer for hdr>`:
   \   00000000   000000000000       DC16 0, 0, 0, 0
   \              0000        
   \   00000008   000000000000       DC32 0H, 0, 2147483647
   \              0000FFFFFF7F
   \                     `?<Initializer for gui_id>`:
   \   00000014   00000000           DC32 0
   \                     `?<Initializer for ec_n>`:
   \   00000018   00000000           DC8 0, 0, 0, 0
   \                     `?<Initializer for hdr_icon>`:
   \   0000001C   99050000           DC32 1433
   \                     `?<Initializer for sk>`:
   \   00000020   FF0F0000           DC16 4095, 0
   \   00000024   ........           DC32 `?<Constant "\\316\\357\\366\\350\\350">`
   \                     `?<Initializer for ed_inp_desc>`:
   \   00000028   01000000....       DC32 1, ed_inp_onkey, ed_inp_ghook, ed_inp_locret, 0, ed_menu_skt
   \              ............
   \              ........0000
   \              0000........
   \   00000040   01003800EE00       DC16 1, 56, 238, 287
   \              1F01        
   \   00000048   080000006400       DC32 8, 100, 101, 0, 0, 1073741824
   \              000065000000
   \              000000000000
   \              000000000040

   \                                 In segment DATA_ID, align 4, align-sorted
   \                     `?<Initializer for ed_menu_sk>`:
   \   00000000   18000000           DC16 24, 0
   \   00000004   ........           DC32 `?<Constant "\\313\\345\\342">`
   \   00000008   01000000           DC16 1, 0
   \   0000000C   ........           DC32 `?<Constant "\\317\\360\\340\\342">`
   \   00000010   3D000000           DC16 61, 0
   \   00000014   FBC0FF7F           DC32 2147467515

   \                                 In segment DATA_ID, align 4, align-sorted
   \                     `?<Initializer for ed_menu_skt>`:
   \   00000000   ........0000       DC32 ed_menu_sk, 0
   \              0000        

   \                                 In segment DATA_C, align 4, align-sorted
   \                     `?<Constant "\\313\\345\\342">`:
   \   00000000   CBE5E200           DC8 "\313\345\342"

   \                                 In segment DATA_C, align 4, align-sorted
   \                     `?<Constant "\\317\\360\\340\\342">`:
   \   00000000   CFF0E0E200         DC8 "\317\360\340\342"
   \   00000005   000000             DC8 0, 0, 0

   \                                 In segment DATA_C, align 4, align-sorted
   \                     `?<Constant "\\316\\357\\366\\350\\350">`:
   \   00000000   CEEFF6E8E800       DC8 "\316\357\366\350\350"
   \   00000006   0000               DC8 0, 0

   Maximum stack usage in bytes:

     Function           CSTACK
     --------           ------
     CreateChat          1200
     ed_inp_ghook          20
     ed_inp_locret          0
     ed_inp_onkey           8
     ed_options_handler     4
     patch_header           8


   Segment part sizes:

     Function/Label                 Bytes
     --------------                 -----
     patch_header                     52
     percent_t                        72
     ed_inp_locret                     4
     ed_options_handler               44
     ed_inp_onkey                    176
     ed_inp_ghook                    308
     hdr                              96
     ed_menu_sk                       24
     ed_menu_skt                       8
     CreateChat                     1048
     ??DataTable3                      4
     ??DataTable4                      4
     ??DataTable5                      4
     ?<Initializer for hdr>           96
     ?<Initializer for ed_menu_sk>    24
     ?<Initializer for ed_menu_skt>    8
     ?<Constant "\313\345\342">        4
     ?<Constant "\317\360\340\342">    8
     ?<Constant "\316\357\366\350\350">
                                       8
      Others                         140

 
 1 772 bytes in segment CODE
    92 bytes in segment DATA_C
   128 bytes in segment DATA_I
   128 bytes in segment DATA_ID
    12 bytes in segment INITTAB
 
 1 592 bytes of CODE  memory (+ 192 bytes shared)
   220 bytes of CONST memory
   128 bytes of DATA  memory

Errors: none
Warnings: 3
