
+ Connected (device is ready)
x Data abort (section translation fault) at 0008EBE4
  CPSR=8000001F FSR=00000005 FAR=A2000000
  R0=00000000  R4=182A4000  R8=000000FF R12=00000000
  R1=A2000000  R5=182A4008  R9=182A4000  SP=A8027BE8
  R2=A2055EB5  R6=00000000 R10=182A4008  LR=A0DAB66C
  R3=00000005  R7=00000075 R11=00000000  PC=0008EBE4
- Lost connection to mobile
  Loading session...
  Ext RAM Remaping...
  Physical AllocPagesMem: 0xA8261778
  Virtual AllocPagesMem: 0xA8261778
+ Connected
* 1 A112E504: CPSR=Nzcv
  R0=0000148E  R4=A806B835  R8=00000000 R12=00000000
  R1=A806B835  R5=A807B980  R9=A87E5FD4  LR=A08C1B3D
  R2=00000001  R6=00000006 R10=A805A864
  R3=00000001  R7=00000001 R11=A805C860
* 2 A112E504: CPSR=Nzcv
  R0=0000148E  R4=A806B835  R8=00000000 R12=A11569FC
  R1=A806B835  R5=A807976C  R9=A87E5FD4  LR=A08C1B3D
  R2=00000001  R6=00000002 R10=A805A864
  R3=00000001  R7=A806B830 R11=A805C860
x Data abort (section translation fault) at 0008EBE4
  CPSR=8000001F FSR=00000005 FAR=A2000000
  R0=00000000  R4=1826A000  R8=000000FF R12=00000000
  R1=A2000000  R5=1826A004  R9=1826A000  SP=A8027BE8
  R2=A202506D  R6=00000000 R10=1826A004  LR=A0DAB66C
  R3=00000004  R7=000000D7 R11=00000000  PC=0008EBE4
- Lost connection to mobile
  Loading session...
  Ext RAM Remaping...
  Physical AllocPagesMem: 0xA829B020
  Virtual AllocPagesMem: 0xA829B020
+ Connected
x Data abort (section translation fault) at 0008EBE4
  CPSR=8000001F FSR=00000005 FAR=A2000000
  R0=00000000  R4=182A4000  R8=000000FF R12=00000000
  R1=A2000000  R5=182A4004  R9=182A4000  SP=A8027BE8
  R2=A2011A71  R6=00000000 R10=182A4004  LR=A0DAB66C
  R3=00000004  R7=000000D8 R11=00000000  PC=0008EBE4
- Lost connection to mobile
  Loading session...
  Ext RAM Remaping...
  Physical AllocPagesMem: 0xA8170498
  Virtual AllocPagesMem: 0xA8170498
+ Connected
x Data abort (section translation fault) at 0008EBE4
  CPSR=8000001F FSR=00000005 FAR=A2000000
  R0=00000000  R4=18179000  R8=000000FF R12=00000000
  R1=A2000000  R5=18179004  R9=18179000  SP=A8027BE8
  R2=A2011A71  R6=00000000 R10=18179004  LR=A0DAB66C
  R3=00000004  R7=000000D7 R11=00000000  PC=0008EBE4
- Lost connection to mobile
  Loading session...
  Ext RAM Remaping...
  Physical AllocPagesMem: 0xA815C7A8
  Virtual AllocPagesMem: 0xA815C7A8
+ Connected
  Loading session...
  Ext RAM Remaping...
  Physical AllocPagesMem: 0xA829B020
  Virtual AllocPagesMem: 0xA829B020
+ Connected