###############################################################################
#                                                                             #
#     IAR Systems ARM Assembler V4.42A/W32 12/Dec/2014  21:12:41              #
#     Copyright 1999-2007 IAR Systems. All rights reserved.                   #
#                                                                             #
#           Source file   =  C:\Users\alfin_000\Documents\Siemens\alfinant\HotKeys_SGOLD\patch.asm#
#           List file     =  C:\Users\alfin_000\Documents\Siemens\alfinant\HotKeys_SGOLD\CX75v25\List\patch.lst#
#           Object file   =  C:\Users\alfin_000\Documents\Siemens\alfinant\HotKeys_SGOLD\CX75v25\Obj\patch.r79#
#           Command line  =  C:\Users\alfin_000\Documents\Siemens\alfinant\HotKeys_SGOLD\patch.asm #
#                            -OC:\Users\alfin_000\Documents\Siemens\alfinant\HotKeys_SGOLD\CX75v25\Obj\ #
#                            -s+ -M<> -w+                                     #
#                            -LC:\Users\alfin_000\Documents\Siemens\alfinant\HotKeys_SGOLD\CX75v25\List\ #
#                            -t8 --cpu ARM926EJ-S --fpu None -n               #
#                            -IC:\Users\alfin_000\Documents\Siemens\IAR\ARM\INC\ #
#                                                                             #
###############################################################################

    1    00000000              #include "def.h"
    2    00000000              
    3    00000000                      EXTERN my_onmessage
    4    00000000                      EXTERN execFile
    5    00000000                      EXTERN setFName
    6    00000000                      
    7    00000000                      CODE16
    8    00000000                      
    9    00000000                      RSEG PATCH_MENU_ONMESSAGE:DATA(2)
   10    00000000 ........             DCD  my_onmessage
   11    00000004                      
   12    00000000                      RSEG PATCH_MENU_MAINCSMSIZE:DATA(2)
   13    00000000 70040000             DCD  0x470
   14    00000004                      
   15    00000000                      RSEG PATCH_MENU_PREDIAL_ENA:CODE(1)
   16    00000000 4007                 LSL R0,R0,#0x1D
   17    00000002                      
   18    00000000                      RSEG PATCH_IDLE_START_XTRA_JC:CODE(1)
   19    00000000 ........             BL  execFile
   20    00000004                      
   21    00000000                      RSEG PATCH_SET_FILE_NAME:CODE(1)
   22    00000000 ........             BL  setFName
   23    00000004                 
   24    00000004              //==============================================
                               ================================
   25    00000004              
   26    00000004              //Только для CX70v56,а может и для остальных
                                SGOLD X65.Убираем отображение лишних софткей
                                табов при нажатии кнопки.Будет как на
                                x75.
   27    00000004              #ifdef CX70v56
   57    00000004              #endif
   58    00000004              ;===============================================
                               ================================
   59    00000004                      END
##############################
#          CRC:418E          #
#        Errors:   0         #
#        Warnings: 0         #
#         Bytes: 18          #
##############################



