##############################################################################
#                                                                            #
# IAR ARM ANSI C/C++ Compiler V4.42A/W32 EVALUATION    13/Oct/2014  21:25:04 #
# Copyright 1999-2005 IAR Systems. All rights reserved.                      #
#                                                                            #
#    Cpu mode        =  interwork                                            #
#    Endian          =  little                                               #
#    Stack alignment =  4                                                    #
#    Source file     =  \\ALFI-PC\Siemens\IAR\ARM\alfinant\LogSms\config.c   #
#    Command line    =  \\ALFI-PC\Siemens\IAR\ARM\alfinant\LogSms\config.c   #
#                       -lC \\ALFI-PC\Siemens\IAR\ARM\alfinant\LogSms\Releas #
#                       e_SGOLD\List\ -o \\ALFI-PC\Siemens\IAR\ARM\alfinant\ #
#                       LogSms\Release_SGOLD\Obj\ -s9 --no_unroll            #
#                       --cpu_mode arm --endian little --cpu ARM926EJ-S      #
#                       --stack_align 4 --interwork -e --fpu None --segment  #
#                       code=CONFIG --segment data=CONFIG -I                 #
#                       C:\Users\Инсаф\Documents\alfinant\IAR\ARM\INC\       #
#                       --inline_threshold=2                                 #
#    List file       =  \\ALFI-PC\Siemens\IAR\ARM\alfinant\LogSms\Release_SG #
#                       OLD\List\config.lst                                  #
#    Object file     =  \\ALFI-PC\Siemens\IAR\ARM\alfinant\LogSms\Release_SG #
#                       OLD\Obj\config.r79                                   #
#                                                                            #
#                                                                            #
##############################################################################

\\ALFI-PC\Siemens\IAR\ARM\alfinant\LogSms\config.c
      1          #include "..\inc\cfg_items.h"
      2          
      3          #ifdef NEWSGOLD
      4          #define DEFAULT_DISK "4"
      5          #else
      6          #define DEFAULT_DISK "0"
      7          #endif
      8          

   \                                 In segment CONFIG_C, align 4, align-sorted, root
      9          __root const CFG_HDR cfghdr0={CFG_STR_UTF8,"Log file",0,127};
   \                     cfghdr0:
   \   00000000   02000000           DC32 2
   \   00000004   4C6F67206669       DC8 "Log file"
   \              6C6500      
   \   0000000D   000000000000       DC8 0, 0, 0, 0, 0, 0, 0, 0, 0, 0, 0, 0, 0, 0, 0, 0, 0, 0, 0, 0, 0, 0, 0
   \              000000000000
   \              000000000000
   \              0000000000  
   \   00000024   000000007F00       DC32 0, 127
   \              0000        

   \                                 In segment CONFIG_C, align 4, align-sorted, root
     10          __root const char LOGFILE[128]=DEFAULT_DISK ":\\sms.txt";
   \                     LOGFILE:
   \   00000000   303A5C736D73       DC8 "0:\\sms.txt"
   \              2E74787400  
   \   0000000B   000000000000       DC8 0, 0, 0, 0, 0, 0, 0, 0, 0, 0, 0, 0, 0, 0, 0, 0
   \              000000000000
   \              00000000    
   \   0000001B   000000000000       DC8 0, 0, 0, 0, 0, 0, 0, 0, 0, 0, 0, 0, 0, 0, 0, 0
   \              000000000000
   \              00000000    
   \   0000002B   000000000000       DC8 0, 0, 0, 0, 0, 0, 0, 0, 0, 0, 0, 0, 0, 0, 0, 0
   \              000000000000
   \              00000000    
   \   0000003B   000000000000       DC8 0, 0, 0, 0, 0, 0, 0, 0, 0, 0, 0, 0, 0, 0, 0, 0
   \              000000000000
   \              00000000    
   \   0000004B   000000000000       DC8 0, 0, 0, 0, 0, 0, 0, 0, 0, 0, 0, 0, 0, 0, 0, 0
   \              000000000000
   \              00000000    
   \   0000005B   000000000000       DC8 0, 0, 0, 0, 0, 0, 0, 0, 0, 0, 0, 0, 0, 0, 0, 0
   \              000000000000
   \              00000000    
   \   0000006B   000000000000       DC8 0, 0, 0, 0, 0, 0, 0, 0, 0, 0, 0, 0, 0, 0, 0, 0, 0, 0, 0, 0, 0
   \              000000000000
   \              000000000000
   \              000000      


   Segment part sizes:

     Function/Label Bytes
     -------------- -----
     cfghdr0          44
     LOGFILE         128

 
 172 bytes in segment CONFIG_C
 
 172 bytes of CONST memory

Errors: none
Warnings: none
