###############################################################################
#                                                                             #
#     IAR Systems ARM Assembler V4.42A/W32 14/Dec/2014  19:41:00              #
#     Copyright 1999-2007 IAR Systems. All rights reserved.                   #
#                                                                             #
#           Source file   =  C:\Users\alfin_000\Documents\Siemens\alfinant\CarControl\func.asm#
#           List file     =  C:\Users\alfin_000\Documents\Siemens\alfinant\CarControl\Release_NSG\List\func.lst#
#           Object file   =  C:\Users\alfin_000\Documents\Siemens\alfinant\CarControl\Release_NSG\Obj\func.r79#
#           Command line  =  C:\Users\alfin_000\Documents\Siemens\alfinant\CarControl\func.asm #
#                            -OC:\Users\alfin_000\Documents\Siemens\alfinant\CarControl\Release_NSG\Obj\ #
#                            -s+ -M<> -w+                                     #
#                            -LC:\Users\alfin_000\Documents\Siemens\alfinant\CarControl\Release_NSG\List\ #
#                            -t8 --cpu ARM926EJ-S --fpu None                  #
#                            -IC:\Users\alfin_000\Documents\Siemens\IAR\ARM\INC\ #
#                                                                             #
###############################################################################

    1    00000000                      PUBLIC  ELF_BEGIN
    2    00000000                      RSEG    ELFBEGIN:DATA
    3    00000000              ELF_BEGIN
    4    00000000              
    5    00000000                      RSEG    CODE:CODE
    6    00000000                      PUBLIC  kill_data
    7    00000000                      CODE32
    8    00000000              kill_data
    9    00000000 11FF2FE1             BX      R1
   10    00000000                      PUBLIC  seqkill
   11    00000004              seqkill
   12    00000004 13FF2FE1             BX      R3
   13    00000008                      
   18    00000008              
   19    00000008                      END
##############################
#          CRC:56D           #
#        Errors:   0         #
#        Warnings: 0         #
#          Bytes: 8          #
##############################



