W  ping {
W  } ping ok
W  lostConnection
W  ping {
W  } ping ok
W  lostConnection
W  ping {
W  } ping ok
W  readFromRAM(addr=0008E004, len=00000020) {
W  } readFromRAM
W  writeToRAM(addr=0008E024, len=00000010) {
W  } writeToRAM
W  armCall(addr=0008E024, r0=00000040, r1=00000000, timeout=1000) {
W  } armCall = true
W  armCall(addr=A0203C24, r0=00064FFC, r1=00090000, timeout=200) {
W  } armCall = true
W  readFromRAM(addr=00092A04, len=00000004) {
W  } readFromRAM
W  readFromRAM(addr=00092A00, len=00000080) {
W  } readFromRAM
W  writeToRAM(addr=00092A00, len=00000080) {
W  } writeToRAM
W  writeToRAM(addr=0008E02C, len=00000400) {
W  } writeToRAM
W  writeToRAM(addr=00090400, len=00000100) {
W  } writeToRAM
W  writeToRAM(addr=00090600, len=00000080) {
W  } writeToRAM
W  readFromRAM(addr=0008E1DC, len=00000004) {
W  } readFromRAM
W  readFromRAM(addr=0008E1DC, len=00000004) {
W  } readFromRAM
W  writeToRAM(addr=0008E1DC, len=00000004) {
W  } writeToRAM
W  readFromRAM(addr=00092A00, len=00000080) {
W  } readFromRAM
W  readFromRAM(addr=0008E1DC, len=00000004) {
W  } readFromRAM
W  readFromRAM(addr=0008E1DC, len=00000004) {
W  } readFromRAM
W  writeToRAM(addr=0008E1DC, len=00000004) {
W  } writeToRAM
W  readFromRAM(addr=0008E1DC, len=00000004) {
W  } readFromRAM
W  readFromRAM(addr=0008E1DC, len=00000004) {
W  } readFromRAM
W  writeToRAM(addr=0008E1DC, len=00000004) {
W  } writeToRAM
W  readFromRAM(addr=0008E1DC, len=00000004) {
W  } readFromRAM
W  readFromRAM(addr=0008E1DC, len=00000004) {
W  } readFromRAM
W  writeToRAM(addr=0008E1DC, len=00000004) {
W  } writeToRAM
W  readFromRAM(addr=0008E1DC, len=00000004) {
W  } readFromRAM
W  readFromRAM(addr=0008E1DC, len=00000004) {
W  } readFromRAM
W  writeToRAM(addr=0008E1DC, len=00000004) {
W  } writeToRAM
W  readFromRAM(addr=0008E1DC, len=00000004) {
W  } readFromRAM
W  readFromRAM(addr=0008E1DC, len=00000004) {
W  } readFromRAM
W  writeToRAM(addr=0008E1DC, len=00000004) {
W  } writeToRAM
W  readFromRAM(addr=0008E1DC, len=00000004) {
W  } readFromRAM
W  readFromRAM(addr=0008E1DC, len=00000004) {
W  } readFromRAM
W  writeToRAM(addr=0008E1DC, len=00000004) {
W  } writeToRAM
W  readFromRAM(addr=0008E1DC, len=00000004) {
W  } readFromRAM
W  readFromRAM(addr=0008E1DC, len=00000004) {
W  } readFromRAM
W  writeToRAM(addr=0008E1DC, len=00000004) {
W  } writeToRAM
W  readFromRAM(addr=0008E1DC, len=00000004) {
W  } readFromRAM
W  readFromRAM(addr=0008E1DC, len=00000004) {
W  } readFromRAM
W  writeToRAM(addr=0008E1DC, len=00000004) {
W  } writeToRAM
W  writeToRAM(addr=0008E024, len=00000018) {
W  } writeToRAM
W  armCall(addr=0008E024, r0=A9F00FF2, r1=A8D8A000, timeout=200) {
W  } armCall = true
W  writeToRAM(addr=0008E024, len=00000018) {
W  } writeToRAM
W  armCall(addr=0008E024, r0=A9E00FF2, r1=A8D8A400, timeout=200) {
W  } armCall = true
W  writeToRAM(addr=0008E024, len=00000018) {
W  } writeToRAM
W  armCall(addr=0008E024, r0=A9D00FF2, r1=A8D8A800, timeout=200) {
W  } armCall = true
W  writeToRAM(addr=0008E024, len=00000018) {
W  } writeToRAM
W  armCall(addr=0008E024, r0=A9C00FF2, r1=A8D8AC00, timeout=200) {
W  } armCall = true
W  writeToRAM(addr=0008E024, len=00000018) {
W  } writeToRAM
W  armCall(addr=0008E024, r0=A9B00FF2, r1=A8D8B000, timeout=200) {
W  } armCall = true
W  writeToRAM(addr=0008E024, len=00000018) {
W  } writeToRAM
W  armCall(addr=0008E024, r0=A9A00FF2, r1=A8D8B400, timeout=200) {
W  } armCall = true
W  writeToRAM(addr=0008E024, len=00000018) {
W  } writeToRAM
W  armCall(addr=0008E024, r0=A9900FF2, r1=A8D8B800, timeout=200) {
W  } armCall = true
W  writeToRAM(addr=0008E024, len=00000018) {
W  } writeToRAM
W  armCall(addr=0008E024, r0=A9800FF2, r1=A8D8BC00, timeout=200) {
W  } armCall = true
W  writeToRAM(addr=0008E024, len=00000018) {
W  } writeToRAM
W  armCall(addr=0008E024, r0=A9700FF2, r1=A8D8C000, timeout=200) {
W  } armCall = true
W  writeToRAM(addr=0008E024, len=00000018) {
W  } writeToRAM
W  armCall(addr=0008E024, r0=A9600FF2, r1=A8D8C400, timeout=200) {
W  } armCall = true
W  writeToRAM(addr=0008E024, len=00000018) {
W  } writeToRAM
W  armCall(addr=0008E024, r0=A9500FF2, r1=A8D8C800, timeout=200) {
W  } armCall = true
W  writeToRAM(addr=0008E024, len=00000018) {
W  } writeToRAM
W  armCall(addr=0008E024, r0=A9400FF2, r1=A8D8CC00, timeout=200) {
W  } armCall = true
W  writeToRAM(addr=0008E024, len=00000018) {
W  } writeToRAM
W  armCall(addr=0008E024, r0=A9300FF2, r1=A8D8D000, timeout=200) {
W  } armCall = true
W  writeToRAM(addr=0008E024, len=00000018) {
W  } writeToRAM
W  armCall(addr=0008E024, r0=A9200FF2, r1=A8D8D400, timeout=200) {
W  } armCall = true
W  writeToRAM(addr=0008E024, len=00000018) {
W  } writeToRAM
W  armCall(addr=0008E024, r0=A9100FF2, r1=A8D8D800, timeout=200) {
W  } armCall = true
W  writeToRAM(addr=0008E024, len=00000018) {
W  } writeToRAM
W  armCall(addr=0008E024, r0=A9000FF2, r1=A8D8DC00, timeout=200) {
W  } armCall = true
W  writeToRAM(addr=0008E024, len=00000018) {
W  } writeToRAM
W  armCall(addr=0008E024, r0=A8F00FF2, r1=A8D8E000, timeout=200) {
W  } armCall = true
W  writeToRAM(addr=0008E024, len=00000018) {
W  } writeToRAM
W  armCall(addr=0008E024, r0=A8E00FF2, r1=A8D8E400, timeout=200) {
W  } armCall = true
W  writeToRAM(addr=0008E024, len=00000018) {
W  } writeToRAM
W  armCall(addr=0008E024, r0=A8D00FF2, r1=A8D8E800, timeout=200) {
W  } armCall = true
W  writeToRAM(addr=0008E024, len=00000018) {
W  } writeToRAM
W  armCall(addr=0008E024, r0=A8C00FF2, r1=A8D8EC00, timeout=200) {
W  } armCall = true
W  writeToRAM(addr=0008E024, len=00000018) {
W  } writeToRAM
W  armCall(addr=0008E024, r0=A8B00FF2, r1=A8D8F000, timeout=200) {
W  } armCall = true
W  writeToRAM(addr=0008E024, len=00000018) {
W  } writeToRAM
W  armCall(addr=0008E024, r0=A8A00FF2, r1=A8D8F400, timeout=200) {
W  } armCall = true
W  writeToRAM(addr=0008E024, len=00000018) {
W  } writeToRAM
W  armCall(addr=0008E024, r0=A8900FF2, r1=A8D8F800, timeout=200) {
W  } armCall = true
W  writeToRAM(addr=0008E024, len=00000018) {
W  } writeToRAM
W  armCall(addr=0008E024, r0=A8800FF2, r1=A8D8FC00, timeout=200) {
W  } armCall = true
W  writeToRAM(addr=0008E024, len=0000001C) {
W  } writeToRAM
W  armCall(addr=0008E024, r0=A8D89FFE, r1=00094400, timeout=200) {
W  } armCall = true
W  writeToRAM(addr=0008E024, len=00000018) {
W  } writeToRAM
W  armCall(addr=0008E024, r0=A8600FFE, r1=A8D90000, timeout=200) {
W  } armCall = true
W  writeToRAM(addr=0008E024, len=00000018) {
W  } writeToRAM
W  armCall(addr=0008E024, r0=A8500FFE, r1=A8D90400, timeout=200) {
W  } armCall = true
W  writeToRAM(addr=0008E024, len=00000018) {
W  } writeToRAM
W  armCall(addr=0008E024, r0=A8400FFE, r1=A8D90800, timeout=200) {
W  } armCall = true
W  writeToRAM(addr=0008E024, len=00000018) {
W  } writeToRAM
W  armCall(addr=0008E024, r0=A8300FFE, r1=A8D90C00, timeout=200) {
W  } armCall = true
W  writeToRAM(addr=0008E024, len=00000018) {
W  } writeToRAM
W  armCall(addr=0008E024, r0=A8200FFE, r1=A8D91000, timeout=200) {
W  } armCall = true
W  writeToRAM(addr=0008E024, len=00000018) {
W  } writeToRAM
W  armCall(addr=0008E024, r0=A8100FFE, r1=A8D91400, timeout=200) {
W  } armCall = true
W  writeToRAM(addr=0008E024, len=00000018) {
W  } writeToRAM
W  armCall(addr=0008E024, r0=A8000FFE, r1=A8D91800, timeout=200) {
W  } armCall = true
W  writeToRAM(addr=00092A00, len=00000080) {
W  } writeToRAM
W  readFromRAM(addr=00092A34, len=00000004) {
W  } readFromRAM
W  readFromRAM(addr=18D8EA28, len=00000004) {
W  } readFromRAM
W  writeToRAM(addr=18D8EA28, len=00000004) {
W  } writeToRAM
W  readFromRAM(addr=00092A34, len=00000004) {
W  } readFromRAM
W  readFromRAM(addr=18D8EA2C, len=00000004) {
W  } readFromRAM
W  writeToRAM(addr=18D8EA2C, len=00000004) {
W  } writeToRAM
W  readFromRAM(addr=00092A34, len=00000004) {
W  } readFromRAM
W  readFromRAM(addr=18D8EA30, len=00000004) {
W  } readFromRAM
W  writeToRAM(addr=18D8EA30, len=00000004) {
W  } writeToRAM
W  readFromRAM(addr=00092A34, len=00000004) {
W  } readFromRAM
W  readFromRAM(addr=18D8EA34, len=00000004) {
W  } readFromRAM
W  writeToRAM(addr=18D8EA34, len=00000004) {
W  } writeToRAM
W  readFromRAM(addr=00092A34, len=00000004) {
W  } readFromRAM
W  readFromRAM(addr=18D8EA38, len=00000004) {
W  } readFromRAM
W  writeToRAM(addr=18D8EA38, len=00000004) {
W  } writeToRAM
W  readFromRAM(addr=00092A34, len=00000004) {
W  } readFromRAM
W  readFromRAM(addr=18D8EA3C, len=00000004) {
W  } readFromRAM
W  writeToRAM(addr=18D8EA3C, len=00000004) {
W  } writeToRAM
W  readFromRAM(addr=00092A34, len=00000004) {
W  } readFromRAM
W  readFromRAM(addr=18D8EA40, len=00000004) {
W  } readFromRAM
W  writeToRAM(addr=18D8EA40, len=00000004) {
W  } writeToRAM
W  readFromRAM(addr=00092A34, len=00000004) {
W  } readFromRAM
W  readFromRAM(addr=18D8EA44, len=00000004) {
W  } readFromRAM
W  writeToRAM(addr=18D8EA44, len=00000004) {
W  } writeToRAM
W  readFromRAM(addr=00092A34, len=00000004) {
W  } readFromRAM
W  readFromRAM(addr=18D8EA24, len=00000004) {
W  } readFromRAM
W  writeToRAM(addr=18D8EA24, len=00000004) {
W  } writeToRAM
W  readFromRAM(addr=00092A34, len=00000004) {
W  } readFromRAM
W  readFromRAM(addr=18D8EA48, len=00000004) {
W  } readFromRAM
W  writeToRAM(addr=18D8EA48, len=00000004) {
W  } writeToRAM
W  readFromRAM(addr=0008E1DC, len=00000004) {
W  } readFromRAM
W  readFromRAM(addr=0008E1DC, len=00000004) {
W  } readFromRAM
W  writeToRAM(addr=0008E1DC, len=00000004) {
W  } writeToRAM
W  readFromRAM(addr=00092A34, len=00000004) {
W  } readFromRAM
W  readFromRAM(addr=18D8EA48, len=00000004) {
W  } readFromRAM
W  writeToRAM(addr=18D8EA48, len=00000004) {
W  } writeToRAM
W  readFromRAM(addr=00092A34, len=00000004) {
W  } readFromRAM
W  readFromRAM(addr=18D8EA4C, len=00000004) {
W  } readFromRAM
W  writeToRAM(addr=18D8EA4C, len=00000004) {
W  } writeToRAM
W  readFromRAM(addr=0008E1DC, len=00000004) {
W  } readFromRAM
W  readFromRAM(addr=0008E1DC, len=00000004) {
W  } readFromRAM
W  writeToRAM(addr=0008E1DC, len=00000004) {
W  } writeToRAM
W  readFromRAM(addr=00092A34, len=00000004) {
W  } readFromRAM
W  readFromRAM(addr=18D8EA4C, len=00000004) {
W  } readFromRAM
W  writeToRAM(addr=18D8EA4C, len=00000004) {
W  } writeToRAM
W  writeToRAM(addr=0008E74C, len=000004FC) {
W  } writeToRAM
W  readFromRAM(addr=00090000, len=00000004) {
W  } readFromRAM
W  readFromRAM(addr=00094238, len=00000004) {
W  } readFromRAM
W  writeToRAM(addr=00094238, len=00000004) {
W  } writeToRAM
W  writeToRAM(addr=0008E43C, len=00000004) {
W  } writeToRAM
W  armCall(addr=0008E76C, r0=00000000, r1=00000010, timeout=250) {
W  } armCall = true
W  readFromRAM(addr=00000000, len=00000100) {
W  } readFromRAM
W  armCall(addr=0008E75C, r0=0008E74C, r1=0000002C, timeout=250) {
W  } armCall = true
W  armCall(addr=0008E75C, r0=0008E750, r1=00000030, timeout=250) {
W  } armCall = true
W  armCall(addr=0008E75C, r0=0008E754, r1=00000024, timeout=250) {
W  } armCall = true
W  writeToRAM(addr=0008E004, len=00000020) {
W  } writeToRAM
W  trackConnection: connected
W  readFromRAM(addr=A04B8AB0, len=000001B0) {
W  } readFromRAM
W  readFromRAM(addr=A04C3920, len=000001E0) {
W  } readFromRAM
W  readFromRAM(addr=A08F4E9C, len=000000D4) {
W  } readFromRAM
W  readFromRAM(addr=0008E790, len=00000004) {
W  } readFromRAM
W  readFromRAM(addr=0008E790, len=00000004) {
W  } readFromRAM
W  readFromRAM(addr=0008E790, len=00000004) {
W  } readFromRAM
W  readFromRAM(addr=0008E790, len=00000004) {
W  } readFromRAM
W  readFromRAM(addr=0008E790, len=00000004) {
W  } readFromRAM
W  readFromRAM(addr=0008E790, len=00000004) {
W  } readFromRAM
W  readFromRAM(addr=0008E790, len=00000004) {
W  } readFromRAM
W  readFromRAM(addr=0008E790, len=00000004) {
W  } readFromRAM
W  readFromRAM(addr=0008E790, len=00000004) {
W  } readFromRAM
W  readFromRAM(addr=0008E790, len=00000004) {
W  } readFromRAM
W  readFromRAM(addr=0008E790, len=00000004) {
W  } readFromRAM
W  readFromRAM(addr=0008E790, len=00000004) {
W  } readFromRAM
W  readFromRAM(addr=0008E790, len=00000004) {
W  } readFromRAM
W  readFromRAM(addr=0008E790, len=00000004) {
W  } readFromRAM
W  readFromRAM(addr=0008E790, len=00000004) {
W  } readFromRAM
W  readFromRAM(addr=A08F4EA4, len=0000006C) {
W  } readFromRAM
W  queryRAM(A08F4FA4,) {
W  } queryRAM
W  readFromRAM(addr=A08F4EA4, len=0000006C) {
W  } readFromRAM
W  queryRAM(A08F4FA4,) {
W  } queryRAM
W  readFromRAM(addr=0008E790, len=00000004) {
W  } readFromRAM
W  readFromRAM(addr=0008E790, len=00000004) {
W  } readFromRAM
W  readFromRAM(addr=A08F513C, len=00000020) {
W  } readFromRAM
W  readFromRAM(addr=A08F5140, len=00000020) {
W  } readFromRAM
W  readFromRAM(addr=0008E790, len=00000004) {
W  } readFromRAM
W  readFromRAM(addr=0008E790, len=00000004) {
W  } readFromRAM
W  readFromRAM(addr=0008E790, len=00000004) {
W  } readFromRAM
W  readFromRAM(addr=0008E790, len=00000004) {
W  } readFromRAM
W  readFromRAM(addr=0008E790, len=00000004) {
W  } readFromRAM
W  readFromRAM(addr=0008E790, len=00000004) {
W  } readFromRAM
W  readFromRAM(addr=A08F4E9C, len=000000D4) {
W  } readFromRAM
W  readFromRAM(addr=A08F4E9C, len=000000D4) {
W  } readFromRAM
W  readFromRAM(addr=0008E790, len=00000004) {
W  } readFromRAM
W  readFromRAM(addr=0008E790, len=00000004) {
W  } readFromRAM
W  readFromRAM(addr=0008E790, len=00000004) {
W  } readFromRAM
W  readFromRAM(addr=0008E790, len=00000004) {
W  } readFromRAM
W  readFromRAM(addr=0008E790, len=00000004) {
W  } readFromRAM
W  readFromRAM(addr=0008E790, len=00000004) {
W  } readFromRAM
W  readFromRAM(addr=0008E790, len=00000004) {
W  } readFromRAM
W  readFromRAM(addr=0008E790, len=00000004) {
W  } readFromRAM
W  readFromRAM(addr=0008E790, len=00000004) {
W  } readFromRAM
W  readFromRAM(addr=0008E790, len=00000004) {
W  } readFromRAM
W  readFromRAM(addr=0008E790, len=00000004) {
W  } readFromRAM
W  readFromRAM(addr=0008E790, len=00000004) {
W  } readFromRAM
W  readFromRAM(addr=A08F4EA4, len=0000006C) {
W  } readFromRAM
W  queryRAM(A08F4FA4,) {
W  } queryRAM
W  readFromRAM(addr=A08F4EA4, len=0000006C) {
W  } readFromRAM
W  queryRAM(A08F4FA4,) {
W  } queryRAM
W  readFromRAM(addr=0008E790, len=00000004) {
W  } readFromRAM
W  readFromRAM(addr=0008E790, len=00000004) {
W  } readFromRAM
W  readFromRAM(addr=0008E790, len=00000004) {
W  } readFromRAM
W  readFromRAM(addr=0008E790, len=00000004) {
W  } readFromRAM
W  readFromRAM(addr=0008E790, len=00000004) {
W  } readFromRAM
W  readFromRAM(addr=0008E790, len=00000004) {
W  } readFromRAM
W  readFromRAM(addr=0008E790, len=00000004) {
W  } readFromRAM
W  readFromRAM(addr=0008E790, len=00000004) {
W  } readFromRAM
W  readFromRAM(addr=0008E790, len=00000004) {
W  } readFromRAM
W  readFromRAM(addr=0008E790, len=00000004) {
W  } readFromRAM
W  readFromRAM(addr=0008E790, len=00000004) {
W  } readFromRAM
W  readFromRAM(addr=0008E790, len=00000004) {
W  } readFromRAM
W  readFromRAM(addr=0008E790, len=00000004) {
W  } readFromRAM
W  readFromRAM(addr=0008E790, len=00000004) {
W  } readFromRAM
W  readFromRAM(addr=0008E790, len=00000004) {
W  } readFromRAM
W  readFromRAM(addr=0008E790, len=00000004) {
W  } readFromRAM
W  readFromRAM(addr=0008E790, len=00000004) {
W  } readFromRAM
W  readFromRAM(addr=0008E790, len=00000004) {
W  } readFromRAM
W  readFromRAM(addr=0008E790, len=00000004) {
W  } readFromRAM
W  readFromRAM(addr=0008E790, len=00000004) {
W  } readFromRAM
W  readFromRAM(addr=0008E790, len=00000004) {
W  } readFromRAM
W  readFromRAM(addr=0008E790, len=00000004) {
W  } readFromRAM
W  readFromRAM(addr=0008E790, len=00000004) {
W  } readFromRAM
W  readFromRAM(addr=0008E790, len=00000004) {
W  } readFromRAM
W  readFromRAM(addr=0008E790, len=00000004) {
W  } readFromRAM
W  readFromRAM(addr=0008E790, len=00000004) {
W  } readFromRAM
W  readFromRAM(addr=0008E790, len=00000004) {
W  } readFromRAM
W  readFromRAM(addr=0008E790, len=00000004) {
W  } readFromRAM
W  readFromRAM(addr=0008E790, len=00000004) {
W  } readFromRAM
W  readFromRAM(addr=0008E790, len=00000004) {
W  } readFromRAM
W  readFromRAM(addr=0008E790, len=00000004) {
W  } readFromRAM
W  readFromRAM(addr=0008E790, len=00000004) {
W  } readFromRAM
W  readFromRAM(addr=0008E790, len=00000004) {
W  } readFromRAM
W  readFromRAM(addr=0008E790, len=00000004) {
W  } readFromRAM
W  readFromRAM(addr=0008E790, len=00000004) {
W  } readFromRAM
W  readFromRAM(addr=0008E790, len=00000004) {
W  } readFromRAM
W  readFromRAM(addr=0008E790, len=00000004) {
W  } readFromRAM
W  readFromRAM(addr=0008E790, len=00000004) {
W  } readFromRAM
W  readFromRAM(addr=0008E790, len=00000004) {
W  } readFromRAM
W  readFromRAM(addr=0008E790, len=00000004) {
W  } readFromRAM
W  readFromRAM(addr=0008E790, len=00000004) {
W  } readFromRAM
W  readFromRAM(addr=0008E790, len=00000004) {
W  } readFromRAM
W  readFromRAM(addr=0008E790, len=00000004) {
W  } readFromRAM
W  readFromRAM(addr=0008E790, len=00000004) {
W  } readFromRAM
W  readFromRAM(addr=0008E790, len=00000004) {
W  } readFromRAM
W  readFromRAM(addr=0008E790, len=00000004) {
W  } readFromRAM
W  readFromRAM(addr=0008E790, len=00000004) {
W  } readFromRAM
W  readFromRAM(addr=0008E790, len=00000004) {
W  } readFromRAM
W  readFromRAM(addr=0008E790, len=00000004) {
W  } readFromRAM
W  readFromRAM(addr=0008E790, len=00000004) {
W  } readFromRAM
W  readFromRAM(addr=0008E790, len=00000004) {
W  } readFromRAM
W  readFromRAM(addr=0008E790, len=00000004) {
W  } readFromRAM
W  readFromRAM(addr=0008E790, len=00000004) {
W  } readFromRAM
W  readFromRAM(addr=0008E790, len=00000004) {
W  } readFromRAM
W  readFromRAM(addr=0008E790, len=00000004) {
W  } readFromRAM
W  readFromRAM(addr=0008E790, len=00000004) {
W  } readFromRAM
W  readFromRAM(addr=0008E790, len=00000004) {
W  } readFromRAM
W  readFromRAM(addr=0008E790, len=00000004) {
W  } readFromRAM
W  readFromRAM(addr=0008E790, len=00000004) {
W  } readFromRAM
W  readFromRAM(addr=0008E790, len=00000004) {
W  } readFromRAM
W  readFromRAM(addr=0008E790, len=00000004) {
W  } readFromRAM
W  readFromRAM(addr=0008E790, len=00000004) {
W  } readFromRAM
W  readFromRAM(addr=0008E790, len=00000004) {
W  } readFromRAM
W  readFromRAM(addr=0008E790, len=00000004) {
W  } readFromRAM
W  readFromRAM(addr=0008E790, len=00000004) {
W  } readFromRAM
W  readFromRAM(addr=0008E790, len=00000004) {
W  } readFromRAM
W  readFromRAM(addr=0008E790, len=00000004) {
W  } readFromRAM
W  readFromRAM(addr=0008E790, len=00000004) {
W  } readFromRAM
W  readFromRAM(addr=0008E790, len=00000004) {
W  } readFromRAM
W  readFromRAM(addr=0008E790, len=00000004) {
W  } readFromRAM
W  readFromRAM(addr=0008E790, len=00000004) {
W  } readFromRAM
W  readFromRAM(addr=0008E790, len=00000004) {
W  } readFromRAM
W  readFromRAM(addr=0008E790, len=00000004) {
W  } readFromRAM
W  readFromRAM(addr=0008E790, len=00000004) {
W  } readFromRAM
W  readFromRAM(addr=0008E790, len=00000004) {
W  } readFromRAM
W  readFromRAM(addr=0008E790, len=00000004) {
W  } readFromRAM
W  readFromRAM(addr=0008E790, len=00000004) {
W  } readFromRAM
W  readFromRAM(addr=0008E790, len=00000004) {
W  } readFromRAM
W  readFromRAM(addr=0008E790, len=00000004) {
W  } readFromRAM
W  readFromRAM(addr=0008E790, len=00000004) {
W  } readFromRAM
W  readFromRAM(addr=A08F4EA0, len=0000006C) {
W  } readFromRAM
W  queryRAM(A08F4FA4,) {
W  } queryRAM
W  readFromRAM(addr=0008E790, len=00000004) {
W  } readFromRAM
W  readFromRAM(addr=0008E790, len=00000004) {
W  } readFromRAM
W  readFromRAM(addr=A08F5138, len=00000020) {
W  } readFromRAM
W  readFromRAM(addr=0008E790, len=00000004) {
W  } readFromRAM
W  readFromRAM(addr=A08F4EA0, len=0000006C) {
W  } readFromRAM
W  queryRAM(A08F4FA4,) {
W  } queryRAM
W  readFromRAM(addr=A08F4E9C, len=0000006C) {
W  } readFromRAM
W  queryRAM(A08F4FA4,) {
W  } queryRAM
W  readFromRAM(addr=A08F4E9C, len=0000006C) {
W  } readFromRAM
W  queryRAM(A08F4FA4,) {
W  } queryRAM
W  readFromRAM(addr=A08F4E98, len=0000006C) {
W  } readFromRAM
W  queryRAM(A08F4FA4,) {
W  } queryRAM
W  readFromRAM(addr=0008E790, len=00000004) {
W  } readFromRAM
W  readFromRAM(addr=A08F4E98, len=0000006C) {
W  } readFromRAM
W  queryRAM(A08F4FA4,) {
W  } queryRAM
W  readFromRAM(addr=A08F4E94, len=0000006C) {
W  } readFromRAM
W  queryRAM(A08F4FA4,) {
W  } queryRAM
W  readFromRAM(addr=A08F4E94, len=0000006C) {
W  } readFromRAM
W  queryRAM(A08F4FA4,) {
W  } queryRAM
W  readFromRAM(addr=0008E790, len=00000004) {
W  } readFromRAM
W  readFromRAM(addr=0008E790, len=00000004) {
W  } readFromRAM
W  readFromRAM(addr=A08F4E90, len=0000006C) {
W  } readFromRAM
W  queryRAM(A08F4FA4,) {
W  } queryRAM
W  readFromRAM(addr=A08F4E90, len=0000006C) {
W  } readFromRAM
W  queryRAM(A08F4FA4,) {
W  } queryRAM
W  readFromRAM(addr=A08F4E8C, len=0000006C) {
W  } readFromRAM
W  queryRAM(A08F4FA4,) {
W  } queryRAM
W  readFromRAM(addr=A08F4E8C, len=0000006C) {
W  } readFromRAM
W  queryRAM(A08F4FA4,) {
W  } queryRAM
W  readFromRAM(addr=A08F4E88, len=0000006C) {
W  } readFromRAM
W  queryRAM(A08F4FA4,) {
W  } queryRAM
W  readFromRAM(addr=A08F4E88, len=0000006C) {
W  } readFromRAM
W  queryRAM(A08F4FA4,) {
W  } queryRAM
W  readFromRAM(addr=A08F4E84, len=0000006C) {
W  } readFromRAM
W  queryRAM(A08F4FA4,) {
W  } queryRAM
W  readFromRAM(addr=A08F4E84, len=0000006C) {
W  } readFromRAM
W  queryRAM(A08F4FA4,) {
W  } queryRAM
W  readFromRAM(addr=A08F4E80, len=0000006C) {
W  } readFromRAM
W  queryRAM(A08F4FA4,) {
W  } queryRAM
W  readFromRAM(addr=A08F4E80, len=0000006C) {
W  } readFromRAM
W  queryRAM(A08F4FA4,) {
W  } queryRAM
W  readFromRAM(addr=0008E790, len=00000004) {
W  } readFromRAM
W  readFromRAM(addr=0008E790, len=00000004) {
W  } readFromRAM
W  readFromRAM(addr=A08F5118, len=00000020) {
W  } readFromRAM
W  readFromRAM(addr=A08F5128, len=00000020) {
W  } readFromRAM
W  readFromRAM(addr=0008E790, len=00000004) {
W  } readFromRAM
W  readFromRAM(addr=0008E790, len=00000004) {
W  } readFromRAM
W  readFromRAM(addr=0008E790, len=00000004) {
W  } readFromRAM
W  readFromRAM(addr=A08F4E7C, len=0000006C) {
W  } readFromRAM
W  queryRAM(A08F4FA4,) {
W  } queryRAM
W  readFromRAM(addr=0008E790, len=00000004) {
W  } readFromRAM
W  readFromRAM(addr=0008E790, len=00000004) {
W  } readFromRAM
W  readFromRAM(addr=0008E790, len=00000004) {
W  } readFromRAM
W  readFromRAM(addr=0008E790, len=00000004) {
W  } readFromRAM
W  readFromRAM(addr=A08F4E7C, len=0000006C) {
W  } readFromRAM
W  queryRAM(A08F4FA4,) {
W  } queryRAM
W  readFromRAM(addr=A08F4E78, len=0000006C) {
W  } readFromRAM
W  queryRAM(A08F4FA4,) {
W  } queryRAM
W  readFromRAM(addr=A08F4E78, len=0000006C) {
W  } readFromRAM
W  queryRAM(A08F4FA4,) {
W  } queryRAM
W  readFromRAM(addr=0008E790, len=00000004) {
W  } readFromRAM
W  readFromRAM(addr=0008E790, len=00000004) {
W  } readFromRAM
W  readFromRAM(addr=0008E790, len=00000004) {
W  } readFromRAM
W  readFromRAM(addr=0008E790, len=00000004) {
W  } readFromRAM
W  readFromRAM(addr=0008E790, len=00000004) {
W  } readFromRAM
W  readFromRAM(addr=0008E790, len=00000004) {
W  } readFromRAM
W  readFromRAM(addr=0008E790, len=00000004) {
W  } readFromRAM
W  readFromRAM(addr=0008E790, len=00000004) {
W  } readFromRAM
W  readFromRAM(addr=0008E790, len=00000004) {
W  } readFromRAM
W  readFromRAM(addr=0008E790, len=00000004) {
W  } readFromRAM
W  readFromRAM(addr=0008E790, len=00000004) {
W  } readFromRAM
W  readFromRAM(addr=A08F4E74, len=0000006C) {
W  } readFromRAM
W  queryRAM(A08F4FA4,) {
W  } queryRAM
W  readFromRAM(addr=A08F4E74, len=0000006C) {
W  } readFromRAM
W  queryRAM(A08F4FA4,) {
W  } queryRAM
W  readFromRAM(addr=A08F4E70, len=0000006C) {
W  } readFromRAM
W  queryRAM(A08F4FA4,) {
W  } queryRAM
W  readFromRAM(addr=A08F4E70, len=0000006C) {
W  } readFromRAM
W  queryRAM(A08F4FA4,) {
W  } queryRAM
W  readFromRAM(addr=0008E790, len=00000004) {
W  } readFromRAM
W  readFromRAM(addr=0008E790, len=00000004) {
W  } readFromRAM
W  readFromRAM(addr=0008E790, len=00000004) {
W  } readFromRAM
W  readFromRAM(addr=0008E790, len=00000004) {
W  } readFromRAM
W  readFromRAM(addr=0008E790, len=00000004) {
W  } readFromRAM
W  readFromRAM(addr=0008E790, len=00000004) {
W  } readFromRAM
W  readFromRAM(addr=0008E790, len=00000004) {
W  } readFromRAM
W  readFromRAM(addr=0008E790, len=00000004) {
W  } readFromRAM
W  readFromRAM(addr=0008E790, len=00000004) {
W  } readFromRAM
W  readFromRAM(addr=0008E790, len=00000004) {
W  } readFromRAM
W  readFromRAM(addr=0008E790, len=00000004) {
W  } readFromRAM
W  readFromRAM(addr=0008E790, len=00000004) {
W  } readFromRAM
W  readFromRAM(addr=0008E790, len=00000004) {
W  } readFromRAM
W  readFromRAM(addr=0008E790, len=00000004) {
W  } readFromRAM
W  readFromRAM(addr=0008E790, len=00000004) {
W  } readFromRAM
W  readFromRAM(addr=0008E790, len=00000004) {
W  } readFromRAM
W  readFromRAM(addr=0008E790, len=00000004) {
W  } readFromRAM
W  readFromRAM(addr=0008E790, len=00000004) {
W  } readFromRAM
W  readFromRAM(addr=0008E790, len=00000004) {
W  } readFromRAM
W  readFromRAM(addr=0008E790, len=00000004) {
W  } readFromRAM
W  readFromRAM(addr=0008E790, len=00000004) {
W  } readFromRAM
W  readFromRAM(addr=0008E790, len=00000004) {
W  } readFromRAM
W  readFromRAM(addr=0008E790, len=00000004) {
W  } readFromRAM
W  readFromRAM(addr=0008E790, len=00000004) {
W  } readFromRAM
W  readFromRAM(addr=0008E790, len=00000004) {
W  } readFromRAM
W  readFromRAM(addr=0008E790, len=00000004) {
W  } readFromRAM
W  readFromRAM(addr=0008E790, len=00000004) {
W  } readFromRAM
W  readFromRAM(addr=0008E790, len=00000004) {
W  } readFromRAM
W  readFromRAM(addr=0008E790, len=00000004) {
W  } readFromRAM
W  readFromRAM(addr=0008E790, len=00000004) {
W  } readFromRAM
W  readFromRAM(addr=0008E790, len=00000004) {
W  } readFromRAM
W  readFromRAM(addr=0008E790, len=00000004) {
W  } readFromRAM
W  readFromRAM(addr=0008E790, len=00000004) {
W  } readFromRAM
W  readFromRAM(addr=0008E790, len=00000004) {
W  } readFromRAM
W  readFromRAM(addr=0008E790, len=00000004) {
W  } readFromRAM
W  readFromRAM(addr=0008E790, len=00000004) {
W  } readFromRAM
W  readFromRAM(addr=0008E790, len=00000004) {
W  } readFromRAM
W  readFromRAM(addr=0008E790, len=00000004) {
W  } readFromRAM
W  readFromRAM(addr=0008E790, len=00000004) {
W  } readFromRAM
W  readFromRAM(addr=0008E790, len=00000004) {
W  } readFromRAM
W  readFromRAM(addr=0008E790, len=00000004) {
W  } readFromRAM
W  readFromRAM(addr=0008E790, len=00000004) {
W  } readFromRAM
W  readFromRAM(addr=0008E790, len=00000004) {
W  } readFromRAM
W  readFromRAM(addr=0008E790, len=00000004) {
W  } readFromRAM
W  readFromRAM(addr=0008E790, len=00000004) {
W  } readFromRAM
W  readFromRAM(addr=0008E790, len=00000004) {
W  } readFromRAM
W  readFromRAM(addr=0008E790, len=00000004) {
W  } readFromRAM
W  readFromRAM(addr=0008E790, len=00000004) {
W  } readFromRAM
W  readFromRAM(addr=0008E790, len=00000004) {
W  } readFromRAM
W  readFromRAM(addr=0008E790, len=00000004) {
W  } readFromRAM
W  readFromRAM(addr=0008E790, len=00000004) {
W  } readFromRAM
W  readFromRAM(addr=0008E790, len=00000004) {
W  } readFromRAM
W  readFromRAM(addr=0008E790, len=00000004) {
W  } readFromRAM
W  readFromRAM(addr=0008E790, len=00000004) {
W  } readFromRAM
W  readFromRAM(addr=0008E790, len=00000004) {
W  } readFromRAM
W  readFromRAM(addr=0008E790, len=00000004) {
W  } readFromRAM
W  readFromRAM(addr=0008E790, len=00000004) {
W  } readFromRAM
W  readFromRAM(addr=0008E790, len=00000004) {
W  } readFromRAM
W  readFromRAM(addr=0008E790, len=00000004) {
W  } readFromRAM
W  readFromRAM(addr=0008E790, len=00000004) {
W  } readFromRAM
W  readFromRAM(addr=0008E790, len=00000004) {
W  } readFromRAM
W  readFromRAM(addr=0008E790, len=00000004) {
W  } readFromRAM
W  readFromRAM(addr=0008E790, len=00000004) {
W  } readFromRAM
W  readFromRAM(addr=0008E790, len=00000004) {
W  } readFromRAM
W  readFromRAM(addr=0008E790, len=00000004) {
W  } readFromRAM
W  readFromRAM(addr=0008E790, len=00000004) {
W  } readFromRAM
W  readFromRAM(addr=0008E790, len=00000004) {
W  } readFromRAM
W  readFromRAM(addr=0008E790, len=00000004) {
W  } readFromRAM
W  readFromRAM(addr=A08F4E70, len=0000006C) {
W  } readFromRAM
W  queryRAM(A08F4FA4,) {
W  } queryRAM
W  readFromRAM(addr=A08F4E74, len=0000006C) {
W  } readFromRAM
W  queryRAM(A08F4FA4,) {
W  } queryRAM
W  readFromRAM(addr=A08F4E74, len=0000006C) {
W  } readFromRAM
W  queryRAM(A08F4FA4,) {
W  } queryRAM
W  readFromRAM(addr=A08F4E78, len=0000006C) {
W  } readFromRAM
W  queryRAM(A08F4FA4,) {
W  } queryRAM
W  readFromRAM(addr=A08F4E78, len=0000006C) {
W  } readFromRAM
W  queryRAM(A08F4FA4,) {
W  } queryRAM
W  readFromRAM(addr=A08F4E7C, len=0000006C) {
W  } readFromRAM
W  queryRAM(A08F4FA4,) {
W  } queryRAM
W  readFromRAM(addr=A08F4E7C, len=0000006C) {
W  } readFromRAM
W  queryRAM(A08F4FA4,) {
W  } queryRAM
W  readFromRAM(addr=A08F4E80, len=0000006C) {
W  } readFromRAM
W  queryRAM(A08F4FA4,) {
W  } queryRAM
W  readFromRAM(addr=A08F4E80, len=0000006C) {
W  } readFromRAM
W  queryRAM(A08F4FA4,) {
W  } queryRAM
W  readFromRAM(addr=A08F4E84, len=0000006C) {
W  } readFromRAM
W  queryRAM(A08F4FA4,) {
W  } queryRAM
W  readFromRAM(addr=0008E790, len=00000004) {
W  } readFromRAM
W  readFromRAM(addr=0008E790, len=00000004) {
W  } readFromRAM
W  readFromRAM(addr=0008E790, len=00000004) {
W  } readFromRAM
W  readFromRAM(addr=A08F4E84, len=0000006C) {
W  } readFromRAM
W  queryRAM(A08F4FA4,) {
W  } queryRAM
W  readFromRAM(addr=A08F4E88, len=0000006C) {
W  } readFromRAM
W  queryRAM(A08F4FA4,) {
W  } queryRAM
W  readFromRAM(addr=A08F4E88, len=0000006C) {
W  } readFromRAM
W  queryRAM(A08F4FA4,) {
W  } queryRAM
W  readFromRAM(addr=A08F4E8C, len=0000006C) {
W  } readFromRAM
W  queryRAM(A08F4FA4,) {
W  } queryRAM
W  readFromRAM(addr=A08F4E8C, len=0000006C) {
W  } readFromRAM
W  queryRAM(A08F4FA4,) {
W  } queryRAM
W  readFromRAM(addr=0008E790, len=00000004) {
W  } readFromRAM
W  readFromRAM(addr=0008E790, len=00000004) {
W  } readFromRAM
W  readFromRAM(addr=0008E790, len=00000004) {
W  } readFromRAM
W  readFromRAM(addr=0008E790, len=00000004) {
W  } readFromRAM
W  readFromRAM(addr=0008E790, len=00000004) {
W  } readFromRAM
W  readFromRAM(addr=0008E790, len=00000004) {
W  } readFromRAM
W  readFromRAM(addr=0008E790, len=00000004) {
W  } readFromRAM
W  readFromRAM(addr=A08F4E90, len=0000006C) {
W  } readFromRAM
W  queryRAM(A08F4FA4,) {
W  } queryRAM
W  readFromRAM(addr=A08F4E90, len=0000006C) {
W  } readFromRAM
W  queryRAM(A08F4FA4,) {
W  } queryRAM
W  readFromRAM(addr=0008E790, len=00000004) {
W  } readFromRAM
W  readFromRAM(addr=0008E790, len=00000004) {
W  } readFromRAM
W  readFromRAM(addr=0008E790, len=00000004) {
W  } readFromRAM
W  readFromRAM(addr=0008E790, len=00000004) {
W  } readFromRAM
W  readFromRAM(addr=0008E790, len=00000004) {
W  } readFromRAM
W  readFromRAM(addr=0008E790, len=00000004) {
W  } readFromRAM
W  readFromRAM(addr=0008E790, len=00000004) {
W  } readFromRAM
W  readFromRAM(addr=0008E790, len=00000004) {
W  } readFromRAM
W  readFromRAM(addr=0008E790, len=00000004) {
W  } readFromRAM
W  readFromRAM(addr=A08F4EF8, len=0000006C) {
W  } readFromRAM
W  readFromRAM(addr=0008E790, len=00000004) {
W  } readFromRAM
W  readFromRAM(addr=0008E790, len=00000004) {
W  } readFromRAM
W  readFromRAM(addr=0008E790, len=00000004) {
W  } readFromRAM
W  readFromRAM(addr=0008E790, len=00000004) {
W  } readFromRAM
W  readFromRAM(addr=0008E790, len=00000004) {
W  } readFromRAM
W  readFromRAM(addr=0008E790, len=00000004) {
W  } readFromRAM
W  readFromRAM(addr=0008E790, len=00000004) {
W  } readFromRAM
W  readFromRAM(addr=0008E790, len=00000004) {
W  } readFromRAM
W  readFromRAM(addr=0008E790, len=00000004) {
W  } readFromRAM
W  readFromRAM(addr=A08F4E90, len=0000006C) {
W  } readFromRAM
W  queryRAM(A08F4FA4,) {
W  } queryRAM
W  readFromRAM(addr=0008E790, len=00000004) {
W  } readFromRAM
W  readFromRAM(addr=0008E790, len=00000004) {
W  } readFromRAM
W  readFromRAM(addr=0008E790, len=00000004) {
W  } readFromRAM
W  readFromRAM(addr=0008E790, len=00000004) {
W  } readFromRAM
W  readFromRAM(addr=A08F4EF8, len=0000006C) {
W  } readFromRAM
W  readFromRAM(addr=0008E790, len=00000004) {
W  } readFromRAM
W  readFromRAM(addr=0008E790, len=00000004) {
W  } readFromRAM
W  readFromRAM(addr=0008E790, len=00000004) {
W  } readFromRAM
W  readFromRAM(addr=0008E790, len=00000004) {
W  } readFromRAM
W  readFromRAM(addr=0008E790, len=00000004) {
W  } readFromRAM
W  readFromRAM(addr=A08F4F5C, len=0000006C) {
W  } readFromRAM
W  queryRAM(A08F51B4,) {
W  } queryRAM
W  readFromRAM(addr=0008E790, len=00000004) {
W  } readFromRAM
W  readFromRAM(addr=0008E790, len=00000004) {
W  } readFromRAM
W  readFromRAM(addr=0008E790, len=00000004) {
W  } readFromRAM
W  readFromRAM(addr=A08F4FC4, len=0000006C) {
W  } readFromRAM
W  queryRAM(A08F51B4,A08F51B4,A08F51B4,A08F51B4,A08F51B8,A08F51BC,) {
W  } queryRAM
W  readFromRAM(addr=0008E790, len=00000004) {
W  } readFromRAM
W  readFromRAM(addr=0008E790, len=00000004) {
W  } readFromRAM
W  readFromRAM(addr=A0A6AC38, len=00000020) {
W  } readFromRAM
W  readFromRAM(addr=A08F5028, len=0000006C) {
W  } readFromRAM
W  queryRAM(A08F51B8,A08F51C0,A08F51B4,A08F51B4,A08F51B8,A08F51B4,A08F51B4,) {
W  } queryRAM
W  readFromRAM(addr=0008E790, len=00000004) {
W  } readFromRAM
W  readFromRAM(addr=0008E790, len=00000004) {
W  } readFromRAM
W  readFromRAM(addr=0008E790, len=00000004) {
W  } readFromRAM
W  readFromRAM(addr=A08F5090, len=0000006C) {
W  } readFromRAM
W  queryRAM(A08F51B4,A08F51B4,A08F51C4,A08F51B4,A08F51B4,A08F51C4,) {
W  } queryRAM
W  readFromRAM(addr=0008E790, len=00000004) {
W  } readFromRAM
W  readFromRAM(addr=0008E790, len=00000004) {
W  } readFromRAM
W  readFromRAM(addr=A08F5088, len=00000024) {
W  } readFromRAM
W  readFromRAM(addr=A08F5088, len=00000024) {
W  } readFromRAM
W  readFromRAM(addr=0008E790, len=00000004) {
W  } readFromRAM
W  readFromRAM(addr=A08F5028, len=0000006C) {
W  } readFromRAM
W  queryRAM(A08F51B8,A08F51C0,A08F51B4,A08F51B4,A08F51B8,A08F51B4,A08F51B4,) {
W  } queryRAM
W  readFromRAM(addr=A08F4FC4, len=0000006C) {
W  } readFromRAM
W  queryRAM(A08F51B4,A08F51B4,A08F51B4,A08F51B4,A08F51B8,A08F51BC,) {
W  } queryRAM
W  readFromRAM(addr=A08F4F5C, len=0000006C) {
W  } readFromRAM
W  queryRAM(A08F51B4,) {
W  } queryRAM
W  readFromRAM(addr=0008E790, len=00000004) {
W  } readFromRAM
W  readFromRAM(addr=0008E790, len=00000004) {
W  } readFromRAM
W  readFromRAM(addr=0008E790, len=00000004) {
W  } readFromRAM
W  readFromRAM(addr=0008E790, len=00000004) {
W  } readFromRAM
W  readFromRAM(addr=0008E790, len=00000004) {
W  } readFromRAM
W  readFromRAM(addr=0008E790, len=00000004) {
W  } readFromRAM
W  readFromRAM(addr=0008E790, len=00000004) {
W  } readFromRAM
W  readFromRAM(addr=0008E790, len=00000004) {
W  } readFromRAM
W  readFromRAM(addr=0008E790, len=00000004) {
W  } readFromRAM
W  readFromRAM(addr=0008E790, len=00000004) {
W  } readFromRAM
W  readFromRAM(addr=0008E790, len=00000004) {
W  } readFromRAM
W  readFromRAM(addr=0008E790, len=00000004) {
W  } readFromRAM
W  readFromRAM(addr=0008E790, len=00000004) {
W  } readFromRAM
W  readFromRAM(addr=0008E790, len=00000004) {
W  } readFromRAM
W  readFromRAM(addr=0008E790, len=00000004) {
W  } readFromRAM
W  readFromRAM(addr=0008E790, len=00000004) {
W  } readFromRAM
W  readFromRAM(addr=0008E790, len=00000004) {
W  } readFromRAM
W  readFromRAM(addr=0008E790, len=00000004) {
W  } readFromRAM
W  readFromRAM(addr=0008E790, len=00000004) {
W  } readFromRAM
W  readFromRAM(addr=0008E790, len=00000004) {
W  } readFromRAM
W  readFromRAM(addr=0008E790, len=00000004) {
W  } readFromRAM
W  readFromRAM(addr=0008E790, len=00000004) {
W  } readFromRAM
W  readFromRAM(addr=0008E790, len=00000004) {
W  } readFromRAM
W  readFromRAM(addr=0008E790, len=00000004) {
W  } readFromRAM
W  readFromRAM(addr=0008E790, len=00000004) {
W  } readFromRAM
W  readFromRAM(addr=0008E790, len=00000004) {
W  } readFromRAM
W  readFromRAM(addr=0008E790, len=00000004) {
W  } readFromRAM
W  readFromRAM(addr=0008E790, len=00000004) {
W  } readFromRAM
W  readFromRAM(addr=0008E790, len=00000004) {
W  } readFromRAM
W  readFromRAM(addr=0008E790, len=00000004) {
W  } readFromRAM
W  readFromRAM(addr=0008E790, len=00000004) {
W  } readFromRAM
W  readFromRAM(addr=0008E790, len=00000004) {
W  } readFromRAM
W  readFromRAM(addr=0008E790, len=00000004) {
W  } readFromRAM
W  readFromRAM(addr=0008E790, len=00000004) {
W  } readFromRAM
W  readFromRAM(addr=0008E790, len=00000004) {
W  } readFromRAM
W  readFromRAM(addr=0008E790, len=00000004) {
W  } readFromRAM
W  readFromRAM(addr=0008E790, len=00000004) {
W  } readFromRAM
W  readFromRAM(addr=0008E790, len=00000004) {
W  } readFromRAM
W  readFromRAM(addr=0008E790, len=00000004) {
W  } readFromRAM
W  readFromRAM(addr=0008E790, len=00000004) {
W  } readFromRAM
W  readFromRAM(addr=0008E790, len=00000004) {
W  } readFromRAM
W  readFromRAM(addr=0008E790, len=00000004) {
W  } readFromRAM
W  readFromRAM(addr=0008E790, len=00000004) {
W  } readFromRAM
W  readFromRAM(addr=0008E790, len=00000004) {
W  } readFromRAM
W  readFromRAM(addr=0008E790, len=00000004) {
W  } readFromRAM
W  readFromRAM(addr=0008E790, len=00000004) {
W  } readFromRAM
W  armCall(addr=0008E768, r0=00000000, r1=00000000, timeout=1) {
W   checkExit: 
W   lostConnection
W  } armCall = false
W  lostConnection
