##############################################################################
#                                                                            #
# IAR ARM ANSI C/C++ Compiler V4.42A/W32 EVALUATION    09/Oct/2014  17:14:22 #
# Copyright 1999-2005 IAR Systems. All rights reserved.                      #
#                                                                            #
#    Cpu mode        =  interwork                                            #
#    Endian          =  little                                               #
#    Stack alignment =  4                                                    #
#    Source file     =  C:\Users\alfin_000\Documents\Siemens\IAR\ARM\alfinan #
#                       t\PinControl\main.c                                  #
#    Command line    =  C:\Users\alfin_000\Documents\Siemens\IAR\ARM\alfinan #
#                       t\PinControl\main.c -D NEWSGOLD -lCN                 #
#                       C:\Users\alfin_000\Documents\Siemens\IAR\ARM\alfinan #
#                       t\PinControl\Release_NSG\List\ -la                   #
#                       C:\Users\alfin_000\Documents\Siemens\IAR\ARM\alfinan #
#                       t\PinControl\Release_NSG\List\ -o                    #
#                       C:\Users\alfin_000\Documents\Siemens\IAR\ARM\alfinan #
#                       t\PinControl\Release_NSG\Obj\ -z9 --cpu_mode arm     #
#                       --endian little --cpu ARM926EJ-S --stack_align 4     #
#                       --interwork -e --fpu None --dlib_config              #
#                       C:\Users\alfin_000\Documents\Siemens\IAR\ARM\LIB\dl5 #
#                       tpainl8n.h -I C:\Users\alfin_000\Documents\Siemens\I #
#                       AR\ARM\INC\ --inline_threshold=2                     #
#    List file       =  C:\Users\alfin_000\Documents\Siemens\IAR\ARM\alfinan #
#                       t\PinControl\Release_NSG\List\main.lst               #
#    Object file     =  C:\Users\alfin_000\Documents\Siemens\IAR\ARM\alfinan #
#                       t\PinControl\Release_NSG\Obj\main.r79                #
#                                                                            #
#                                                                            #
##############################################################################

C:\Users\alfin_000\Documents\Siemens\IAR\ARM\alfinant\PinControl\main.c
      1          #include <siemens/swilib.h>
      2          #include <siemens/connector.h>
      3          
      4          
      5          #pragma swi_number=0x385
      6          __swi __arm void *GetGBSProcAddress(short cepid);
      7          
      8          
      9          extern void kill_data(void *p, void (*func_p)(void *));
     10          #pragma segment="ELFBEGIN"
     11          void ElfKiller(void)
     12          {
     13            kill_data(__segment_begin("ELFBEGIN"),(void (*)(void *))mfree_adr());
     14          }
     15          
     16          unsigned data[0x6];
     17          unsigned *map =(unsigned*)0xF430004C;
     18          
     19          void SaveRegMap()
     20          { unsigned  err=0;
     21          
     22            for(int i=0; i<6;i++) data[i] = *(map++); 
     23          
     24            int f=fopen("0:\\gpio.bin",A_ReadWrite+A_Create+A_Truncate+A_BIN,P_WRITE+P_READ,&err);
     25            fwrite(f,data,0x18,&err);
     26            fclose(f,&err);
     27          }
     28          
     29          
     30          int main(char *exename, char *fname) {
     31            
     32            ShowMSG(1, (int)"ELF started!");
     33            
     34            InitPin(TX); //Вызывать всегда в начале,ибо пины по умолчанию привязаны к CAPCOM интерфейсу(определение подключения гарнитуры,кабеля и тд.)
     35            InitPin(DCD);
     36          
     37           
     38            pinMode(DCD, OUTPUT);
     39            pinMode(TX, OUTPUT);
     40            
     41            digitalWrite(TX, HIGH);
     42          
     43          
     44            
     45          
     46            
     47            //SaveRegMap();
     48            
     49            SUBPROC((void *)ElfKiller);
     50            return 0;
     51          }

Errors: 5
Warnings: none
