##############################################################################
#                                                                            #
# IAR ARM ANSI C/C++ Compiler V4.42A/W32 EVALUATION    15/Mar/2023  22:35:37 #
# Copyright 1999-2005 IAR Systems. All rights reserved.                      #
#                                                                            #
#    Cpu mode        =  interwork                                            #
#    Endian          =  little                                               #
#    Stack alignment =  4                                                    #
#    Source file     =  D:\Users\alfinant\Documents\Siemens\Dev\IAR\VK.ELF_C #
#                       \process.c                                           #
#    Command line    =  D:\Users\alfinant\Documents\Siemens\Dev\IAR\VK.ELF_C #
#                       \process.c -D NEWSGOLD -D DEBUG -lCN                 #
#                       D:\Users\alfinant\Documents\Siemens\Dev\IAR\VK.ELF_C #
#                       \Releas_NSG\List\ -la D:\Users\alfinant\Documents\Si #
#                       emens\Dev\IAR\VK.ELF_C\Releas_NSG\List\ -o           #
#                       D:\Users\alfinant\Documents\Siemens\Dev\IAR\VK.ELF_C #
#                       \Releas_NSG\Obj\ -s9 --cpu_mode arm --endian little  #
#                       --cpu ARM926EJ-S --stack_align 4 --interwork         #
#                       --diag_suppress Pe301 -e --fpu None --dlib_config    #
#                       D:\Users\alfinant\Documents\Siemens\IAR\ARM\LIB\dl5t #
#                       painl8n.h -I D:\Users\alfinant\Documents\Siemens\IAR #
#                       \ARM\INC\ --inline_threshold=2                       #
#    List file       =  D:\Users\alfinant\Documents\Siemens\Dev\IAR\VK.ELF_C #
#                       \Releas_NSG\List\process.lst                         #
#    Object file     =  D:\Users\alfinant\Documents\Siemens\Dev\IAR\VK.ELF_C #
#                       \Releas_NSG\Obj\process.r79                          #
#                                                                            #
#                                                                            #
##############################################################################

D:\Users\alfinant\Documents\Siemens\Dev\IAR\VK.ELF_C\process.c
      1          

   \                                 In segment DATA_Z, align 4, align-sorted
      2          int INET_PROCESS = 0;
   \                     INET_PROCESS:
   \   00000000                      DS8 4


   Segment part sizes:

     Function/Label Bytes
     -------------- -----
     INET_PROCESS      4
      Others          12

 
  4 bytes in segment DATA_Z
 12 bytes in segment INITTAB
 
 0 bytes of CODE memory (+ 12 bytes shared)
 4 bytes of DATA memory

Errors: none
Warnings: none
