###############################################################################
#                                                                             #
#     IAR Systems ARM Assembler V4.42A/W32 10/Dec/2015  15:07:02              #
#     Copyright 1999-2007 IAR Systems. All rights reserved.                   #
#                                                                             #
#           Source file   =  E:\Users\alfinant\Documents\Siemens\alfinant\CarControl\func.asm#
#           List file     =  E:\Users\alfinant\Documents\Siemens\alfinant\CarControl\Release_SGOLD\List\func.lst#
#           Object file   =  E:\Users\alfinant\Documents\Siemens\alfinant\CarControl\Release_SGOLD\Obj\func.r79#
#           Command line  =  E:\Users\alfinant\Documents\Siemens\alfinant\CarControl\func.asm #
#                            -OE:\Users\alfinant\Documents\Siemens\alfinant\CarControl\Release_SGOLD\Obj\ #
#                            -s+ -M<> -w+                                     #
#                            -LE:\Users\alfinant\Documents\Siemens\alfinant\CarControl\Release_SGOLD\List\ #
#                            -t8 --cpu ARM926EJ-S --fpu None                  #
#                            -IE:\Users\alfinant\Documents\Siemens\IAR\ARM\INC\ #
#                                                                             #
###############################################################################

    1    00000000                      PUBLIC  ELF_BEGIN
    2    00000000                      RSEG    ELFBEGIN:DATA
    3    00000000              ELF_BEGIN
    4    00000000              
    5    00000000                      RSEG    CODE:CODE
    6    00000000                      PUBLIC  kill_data
    7    00000000                      CODE32
    8    00000000              kill_data
    9    00000000 11FF2FE1             BX      R1
   10    00000000                      PUBLIC  seqkill
   11    00000004              seqkill
   12    00000004 13FF2FE1             BX      R3
   13    00000008                      
   18    00000008              
   19    00000008                      END
##############################
#          CRC:B294          #
#        Errors:   0         #
#        Warnings: 0         #
#          Bytes: 8          #
##############################



