###############################################################################
#                                                                             #
#     IAR Systems ARM Assembler V4.42A/W32 10/Dec/2015  20:13:52              #
#     Copyright 1999-2007 IAR Systems. All rights reserved.                   #
#                                                                             #
#           Source file   =  E:\Users\alfinant\Documents\Siemens\alfinant\i2cSwDriver\delay.asm#
#           List file     =  E:\Users\alfinant\Documents\Siemens\alfinant\i2cSwDriver\Release_NSG\List\delay.lst#
#           Object file   =  E:\Users\alfinant\Documents\Siemens\alfinant\i2cSwDriver\Release_NSG\Obj\delay.r79#
#           Command line  =  E:\Users\alfinant\Documents\Siemens\alfinant\i2cSwDriver\delay.asm #
#                            -OE:\Users\alfinant\Documents\Siemens\alfinant\i2cSwDriver\Release_NSG\Obj\ #
#                            -s+ -M<> -w+                                     #
#                            -LE:\Users\alfinant\Documents\Siemens\alfinant\i2cSwDriver\Release_NSG\List\ #
#                            -t8 --cpu ARM926EJ-S --fpu None                  #
#                            -IE:\Users\alfinant\Documents\Siemens\IAR\ARM\INC\ #
#                                                                             #
###############################################################################

    1    00000000              ;void Delay(unsigned us);
    2    00000000              
    3    00000000                      RSEG    CODE:CODE
    4    00000000                      PUBLIC  Delay
    5    00000000                      CODE32
    6    00000000              Delay
    7    00000000 000050E3             CMP R0, #0
    8    00000004 1EFF2F01             BXEQ LR
    9    00000008 40309FE5             LDR R3, =0xF4B00000 
   10    0000000C 101093E5             LDR R1, [R3, #0x10]  ;R1=beginTime
                                                             1
   11    00000010 000081E0             ADD R0, R1, R0       ;R0=endTime  
                                                             5
   12    00000014              loop:
   13    00000014 102093E5             LDR R2, [R3, #0x10]
   14    00000018 010052E1             CMP R2, R1
   15    0000001C 0400003A             BCC _bl      ;меньше
   16    00000020 010050E1             CMP R0, R1
   17    00000024 FAFFFF9A             BLS loop     ;меньше или равно
   18    00000028 000052E1             CMP R2, R0
   19    0000002C F8FFFF3A             BCC loop     ;меньше
   20    00000030 1EFF2FE1             BX LR
   21    00000034              _bl:
   22    00000034 010050E1             CMP R0, R1
   23    00000038 0100002A             BCS _b2     ;больше или равно
   24    0000003C 000052E1             CMP R2, R0
   25    00000040 1EFF2F21             BXCS LR     ;больше или равно
   26    00000044              _b2:
   27    00000044 010050E1             CMP R0, R1
   28    00000048 F1FFFF9A             BLS loop    ;меньше или равно
   29    0000004C 1EFF2FE1             BX LR
   30    00000050                      
   31    00000050                      END
   31.1  00000050                       TABLE
   31.2  00000050 0000B0F4             Reference on line 9 
   31.3  00000054                      END (including table)
##############################
#          CRC:B30D          #
#        Errors:   0         #
#        Warnings: 0         #
#         Bytes: 84          #
##############################



